#
# There is insufficient memory for the Java Runtime Environment to continue.
# Native memory allocation (malloc) failed to allocate 382816 bytes for Chunk::new
# Possible reasons:
#   The system is out of physical RAM or swap space
#   The process is running with CompressedOops enabled, and the Java Heap may be blocking the growth of the native heap
# Possible solutions:
#   Reduce memory load on the system
#   Increase physical memory or swap space
#   Check if swap backing store is full
#   Decrease Java heap size (-Xmx/-Xms)
#   Decrease number of Java threads
#   Decrease Java thread stack sizes (-Xss)
#   Set larger code cache with -XX:ReservedCodeCacheSize=
#   JVM is running with Unscaled Compressed Oops mode in which the Java heap is
#     placed in the first 4GB address space. The Java Heap base address is the
#     maximum limit for the native heap growth. Please use -XX:HeapBaseMinAddress
#     to set the Java Heap base and to place the Java Heap above 4GB virtual address.
# This output file may be truncated or incomplete.
#
#  Out of Memory Error (arena.cpp:189), pid=3944, tid=6312
#
# JRE version: Java(TM) SE Runtime Environment (17.0.9+11) (build 17.0.9+11-LTS-201)
# Java VM: Java HotSpot(TM) 64-Bit Server VM (17.0.9+11-LTS-201, mixed mode, sharing, tiered, compressed oops, compressed class ptrs, g1 gc, windows-amd64)
# No core dump will be written. Minidumps are not enabled by default on client versions of Windows
#

---------------  S U M M A R Y ------------

Command Line: -Xmx64m -Xms64m -Dorg.gradle.appname=gradlew org.gradle.wrapper.GradleWrapperMain app:installDebug -PreactNativeDevServerPort=8081

Host: Intel(R) Core(TM) i3-9100F CPU @ 3.60GHz, 4 cores, 7G,  Windows 10 , 64 bit Build 19041 (10.0.19041.3570)
Time: Wed Oct 25 19:34:43 2023 SE Asia Standard Time elapsed time: 8.800754 seconds (0d 0h 0m 8s)

---------------  T H R E A D  ---------------

Current thread (0x000001c9d41b7310):  JavaThread "C2 CompilerThread0" daemon [_thread_in_native, id=6312, stack(0x000000bf5be00000,0x000000bf5bf00000)]


Current CompileTask:
C2:   8800 1390 % !   4       java.util.concurrent.ConcurrentHashMap::transfer @ 437 (849 bytes)

Stack: [0x000000bf5be00000,0x000000bf5bf00000]
Native frames: (J=compiled Java code, j=interpreted, Vv=VM code, C=native code)
V  [jvm.dll+0x678a4a]
V  [jvm.dll+0x7d9cfd]
V  [jvm.dll+0x7db60e]
V  [jvm.dll+0x7dbc73]
V  [jvm.dll+0x245e1f]
V  [jvm.dll+0xaaafb]
V  [jvm.dll+0xab09c]
V  [jvm.dll+0x36237e]
V  [jvm.dll+0x32ca01]
V  [jvm.dll+0x32be9a]
V  [jvm.dll+0x21812f]
V  [jvm.dll+0x217561]
V  [jvm.dll+0x1a3bc0]
V  [jvm.dll+0x2272de]
V  [jvm.dll+0x22548b]
V  [jvm.dll+0x78f58c]
V  [jvm.dll+0x78998a]
V  [jvm.dll+0x677875]
C  [ucrtbase.dll+0x21bb2]
C  [KERNEL32.DLL+0x17344]
C  [ntdll.dll+0x526b1]


---------------  P R O C E S S  ---------------

Threads class SMR info:
_java_thread_list=0x000001c9d4551150, length=14, elements={
0x000001c9bb2d3d80, 0x000001c9d419cf60, 0x000001c9d419da90, 0x000001c9d41ae5a0,
0x000001c9d41b0080, 0x000001c9d41b2960, 0x000001c9d41b3230, 0x000001c9d41b7310,
0x000001c9d41c3240, 0x000001c9d41d6320, 0x000001c9d43f82d0, 0x000001c9d43fd480,
0x000001ca1a05d870, 0x000001c9d46c2210
}

Java Threads: ( => current thread )
  0x000001c9bb2d3d80 JavaThread "main" [_thread_blocked, id=11800, stack(0x000000bf5b100000,0x000000bf5b200000)]
  0x000001c9d419cf60 JavaThread "Reference Handler" daemon [_thread_blocked, id=8912, stack(0x000000bf5b800000,0x000000bf5b900000)]
  0x000001c9d419da90 JavaThread "Finalizer" daemon [_thread_blocked, id=7852, stack(0x000000bf5b900000,0x000000bf5ba00000)]
  0x000001c9d41ae5a0 JavaThread "Signal Dispatcher" daemon [_thread_blocked, id=4420, stack(0x000000bf5ba00000,0x000000bf5bb00000)]
  0x000001c9d41b0080 JavaThread "Attach Listener" daemon [_thread_blocked, id=9604, stack(0x000000bf5bb00000,0x000000bf5bc00000)]
  0x000001c9d41b2960 JavaThread "Service Thread" daemon [_thread_blocked, id=11708, stack(0x000000bf5bc00000,0x000000bf5bd00000)]
  0x000001c9d41b3230 JavaThread "Monitor Deflation Thread" daemon [_thread_blocked, id=1972, stack(0x000000bf5bd00000,0x000000bf5be00000)]
=>0x000001c9d41b7310 JavaThread "C2 CompilerThread0" daemon [_thread_in_native, id=6312, stack(0x000000bf5be00000,0x000000bf5bf00000)]
  0x000001c9d41c3240 JavaThread "C1 CompilerThread0" daemon [_thread_blocked, id=2712, stack(0x000000bf5bf00000,0x000000bf5c000000)]
  0x000001c9d41d6320 JavaThread "Sweeper thread" daemon [_thread_blocked, id=7188, stack(0x000000bf5c000000,0x000000bf5c100000)]
  0x000001c9d43f82d0 JavaThread "Notification Thread" daemon [_thread_blocked, id=10420, stack(0x000000bf5c100000,0x000000bf5c200000)]
  0x000001c9d43fd480 JavaThread "Common-Cleaner" daemon [_thread_blocked, id=8196, stack(0x000000bf5c300000,0x000000bf5c400000)]
  0x000001ca1a05d870 JavaThread "DisconnectableInputStream source reader" daemon [_thread_in_native, id=8124, stack(0x000000bf5ca00000,0x000000bf5cb00000)]
  0x000001c9d46c2210 JavaThread "C2 CompilerThread1" daemon [_thread_blocked, id=6892, stack(0x000000bf5c800000,0x000000bf5c900000)]

Other Threads:
  0x000001c9bb3a4240 VMThread "VM Thread" [stack: 0x000000bf5b700000,0x000000bf5b800000] [id=9296]
  0x000001c9d43fc7d0 WatcherThread [stack: 0x000000bf5c200000,0x000000bf5c300000] [id=13028]
  0x000001c9bb2f35f0 GCTaskThread "GC Thread#0" [stack: 0x000000bf5b200000,0x000000bf5b300000] [id=7308]
  0x000001c9d490a000 GCTaskThread "GC Thread#1" [stack: 0x000000bf5c500000,0x000000bf5c600000] [id=3280]
  0x000001c9d47f97a0 GCTaskThread "GC Thread#2" [stack: 0x000000bf5c600000,0x000000bf5c700000] [id=11752]
  0x000001c9d4a2f0f0 GCTaskThread "GC Thread#3" [stack: 0x000000bf5c700000,0x000000bf5c800000] [id=11796]
  0x000001c9bb2f4d40 ConcurrentGCThread "G1 Main Marker" [stack: 0x000000bf5b300000,0x000000bf5b400000] [id=11864]
  0x000001c9bb2f5ef0 ConcurrentGCThread "G1 Conc#0" [stack: 0x000000bf5b400000,0x000000bf5b500000] [id=1644]
  0x000001c9bb3423b0 ConcurrentGCThread "G1 Refine#0" [stack: 0x000000bf5b500000,0x000000bf5b600000] [id=2928]
  0x000001c9bb343d00 ConcurrentGCThread "G1 Service" [stack: 0x000000bf5b600000,0x000000bf5b700000] [id=7020]

Threads with active compile tasks:
C2 CompilerThread0     8818 1390 % !   4       java.util.concurrent.ConcurrentHashMap::transfer @ 437 (849 bytes)

VM state: not at safepoint (normal execution)

VM Mutex/Monitor currently owned by a thread: None

Heap address: 0x00000000fc000000, size: 64 MB, Compressed Oops mode: 32-bit

CDS archive(s) mapped at: [0x000001c9d5000000-0x000001c9d5bd0000-0x000001c9d5bd0000), size 12386304, SharedBaseAddress: 0x000001c9d5000000, ArchiveRelocationMode: 1.
Compressed class space mapped at: 0x000001c9d6000000-0x000001ca16000000, reserved size: 1073741824
Narrow klass base: 0x000001c9d5000000, Narrow klass shift: 0, Narrow klass range: 0x100000000

GC Precious Log:
 CPUs: 4 total, 4 available
 Memory: 7247M
 Large Page Support: Disabled
 NUMA Support: Disabled
 Compressed Oops: Enabled (32-bit)
 Heap Region Size: 1M
 Heap Min Capacity: 64M
 Heap Initial Capacity: 64M
 Heap Max Capacity: 64M
 Pre-touch: Disabled
 Parallel Workers: 4
 Concurrent Workers: 1
 Concurrent Refinement Workers: 4
 Periodic GC: Disabled

Heap:
 garbage-first heap   total 65536K, used 18388K [0x00000000fc000000, 0x0000000100000000)
  region size 1024K, 11 young (11264K), 3 survivors (3072K)
 Metaspace       used 8330K, committed 8512K, reserved 1114112K
  class space    used 1121K, committed 1216K, reserved 1048576K

Heap Regions: E=young(eden), S=young(survivor), O=old, HS=humongous(starts), HC=humongous(continues), CS=collection set, F=free, OA=open archive, CA=closed archive, TAMS=top-at-mark-start (previous, next)
|   0|0x00000000fc000000, 0x00000000fc100000, 0x00000000fc100000|100%| O|  |TAMS 0x00000000fc000000, 0x00000000fc000000| Untracked 
|   1|0x00000000fc100000, 0x00000000fc200000, 0x00000000fc200000|100%| O|  |TAMS 0x00000000fc100000, 0x00000000fc100000| Untracked 
|   2|0x00000000fc200000, 0x00000000fc300000, 0x00000000fc300000|100%|HS|  |TAMS 0x00000000fc200000, 0x00000000fc200000| Complete 
|   3|0x00000000fc300000, 0x00000000fc400000, 0x00000000fc400000|100%|HC|  |TAMS 0x00000000fc300000, 0x00000000fc300000| Complete 
|   4|0x00000000fc400000, 0x00000000fc500000, 0x00000000fc500000|100%|HC|  |TAMS 0x00000000fc400000, 0x00000000fc400000| Complete 
|   5|0x00000000fc500000, 0x00000000fc600000, 0x00000000fc600000|100%|HC|  |TAMS 0x00000000fc500000, 0x00000000fc500000| Complete 
|   6|0x00000000fc600000, 0x00000000fc700000, 0x00000000fc700000|100%| O|  |TAMS 0x00000000fc600000, 0x00000000fc600000| Untracked 
|   7|0x00000000fc700000, 0x00000000fc7f5200, 0x00000000fc800000| 95%| O|  |TAMS 0x00000000fc700000, 0x00000000fc700000| Untracked 
|   8|0x00000000fc800000, 0x00000000fc800000, 0x00000000fc900000|  0%| F|  |TAMS 0x00000000fc800000, 0x00000000fc800000| Untracked 
|   9|0x00000000fc900000, 0x00000000fc900000, 0x00000000fca00000|  0%| F|  |TAMS 0x00000000fc900000, 0x00000000fc900000| Untracked 
|  10|0x00000000fca00000, 0x00000000fca00000, 0x00000000fcb00000|  0%| F|  |TAMS 0x00000000fca00000, 0x00000000fca00000| Untracked 
|  11|0x00000000fcb00000, 0x00000000fcb00000, 0x00000000fcc00000|  0%| F|  |TAMS 0x00000000fcb00000, 0x00000000fcb00000| Untracked 
|  12|0x00000000fcc00000, 0x00000000fcc00000, 0x00000000fcd00000|  0%| F|  |TAMS 0x00000000fcc00000, 0x00000000fcc00000| Untracked 
|  13|0x00000000fcd00000, 0x00000000fcd00000, 0x00000000fce00000|  0%| F|  |TAMS 0x00000000fcd00000, 0x00000000fcd00000| Untracked 
|  14|0x00000000fce00000, 0x00000000fce00000, 0x00000000fcf00000|  0%| F|  |TAMS 0x00000000fce00000, 0x00000000fce00000| Untracked 
|  15|0x00000000fcf00000, 0x00000000fcf00000, 0x00000000fd000000|  0%| F|  |TAMS 0x00000000fcf00000, 0x00000000fcf00000| Untracked 
|  16|0x00000000fd000000, 0x00000000fd000000, 0x00000000fd100000|  0%| F|  |TAMS 0x00000000fd000000, 0x00000000fd000000| Untracked 
|  17|0x00000000fd100000, 0x00000000fd100000, 0x00000000fd200000|  0%| F|  |TAMS 0x00000000fd100000, 0x00000000fd100000| Untracked 
|  18|0x00000000fd200000, 0x00000000fd200000, 0x00000000fd300000|  0%| F|  |TAMS 0x00000000fd200000, 0x00000000fd200000| Untracked 
|  19|0x00000000fd300000, 0x00000000fd300000, 0x00000000fd400000|  0%| F|  |TAMS 0x00000000fd300000, 0x00000000fd300000| Untracked 
|  20|0x00000000fd400000, 0x00000000fd400000, 0x00000000fd500000|  0%| F|  |TAMS 0x00000000fd400000, 0x00000000fd400000| Untracked 
|  21|0x00000000fd500000, 0x00000000fd500000, 0x00000000fd600000|  0%| F|  |TAMS 0x00000000fd500000, 0x00000000fd500000| Untracked 
|  22|0x00000000fd600000, 0x00000000fd600000, 0x00000000fd700000|  0%| F|  |TAMS 0x00000000fd600000, 0x00000000fd600000| Untracked 
|  23|0x00000000fd700000, 0x00000000fd700000, 0x00000000fd800000|  0%| F|  |TAMS 0x00000000fd700000, 0x00000000fd700000| Untracked 
|  24|0x00000000fd800000, 0x00000000fd800000, 0x00000000fd900000|  0%| F|  |TAMS 0x00000000fd800000, 0x00000000fd800000| Untracked 
|  25|0x00000000fd900000, 0x00000000fd900000, 0x00000000fda00000|  0%| F|  |TAMS 0x00000000fd900000, 0x00000000fd900000| Untracked 
|  26|0x00000000fda00000, 0x00000000fda00000, 0x00000000fdb00000|  0%| F|  |TAMS 0x00000000fda00000, 0x00000000fda00000| Untracked 
|  27|0x00000000fdb00000, 0x00000000fdb00000, 0x00000000fdc00000|  0%| F|  |TAMS 0x00000000fdb00000, 0x00000000fdb00000| Untracked 
|  28|0x00000000fdc00000, 0x00000000fdc00000, 0x00000000fdd00000|  0%| F|  |TAMS 0x00000000fdc00000, 0x00000000fdc00000| Untracked 
|  29|0x00000000fdd00000, 0x00000000fdd00000, 0x00000000fde00000|  0%| F|  |TAMS 0x00000000fdd00000, 0x00000000fdd00000| Untracked 
|  30|0x00000000fde00000, 0x00000000fde00000, 0x00000000fdf00000|  0%| F|  |TAMS 0x00000000fde00000, 0x00000000fde00000| Untracked 
|  31|0x00000000fdf00000, 0x00000000fdf00000, 0x00000000fe000000|  0%| F|  |TAMS 0x00000000fdf00000, 0x00000000fdf00000| Untracked 
|  32|0x00000000fe000000, 0x00000000fe000000, 0x00000000fe100000|  0%| F|  |TAMS 0x00000000fe000000, 0x00000000fe000000| Untracked 
|  33|0x00000000fe100000, 0x00000000fe100000, 0x00000000fe200000|  0%| F|  |TAMS 0x00000000fe100000, 0x00000000fe100000| Untracked 
|  34|0x00000000fe200000, 0x00000000fe200000, 0x00000000fe300000|  0%| F|  |TAMS 0x00000000fe200000, 0x00000000fe200000| Untracked 
|  35|0x00000000fe300000, 0x00000000fe300000, 0x00000000fe400000|  0%| F|  |TAMS 0x00000000fe300000, 0x00000000fe300000| Untracked 
|  36|0x00000000fe400000, 0x00000000fe400000, 0x00000000fe500000|  0%| F|  |TAMS 0x00000000fe400000, 0x00000000fe400000| Untracked 
|  37|0x00000000fe500000, 0x00000000fe500000, 0x00000000fe600000|  0%| F|  |TAMS 0x00000000fe500000, 0x00000000fe500000| Untracked 
|  38|0x00000000fe600000, 0x00000000fe600000, 0x00000000fe700000|  0%| F|  |TAMS 0x00000000fe600000, 0x00000000fe600000| Untracked 
|  39|0x00000000fe700000, 0x00000000fe700000, 0x00000000fe800000|  0%| F|  |TAMS 0x00000000fe700000, 0x00000000fe700000| Untracked 
|  40|0x00000000fe800000, 0x00000000fe800000, 0x00000000fe900000|  0%| F|  |TAMS 0x00000000fe800000, 0x00000000fe800000| Untracked 
|  41|0x00000000fe900000, 0x00000000fe900000, 0x00000000fea00000|  0%| F|  |TAMS 0x00000000fe900000, 0x00000000fe900000| Untracked 
|  42|0x00000000fea00000, 0x00000000fea00000, 0x00000000feb00000|  0%| F|  |TAMS 0x00000000fea00000, 0x00000000fea00000| Untracked 
|  43|0x00000000feb00000, 0x00000000fec00000, 0x00000000fec00000|100%| S|CS|TAMS 0x00000000feb00000, 0x00000000feb00000| Complete 
|  44|0x00000000fec00000, 0x00000000fed00000, 0x00000000fed00000|100%| S|CS|TAMS 0x00000000fec00000, 0x00000000fec00000| Complete 
|  45|0x00000000fed00000, 0x00000000fee00000, 0x00000000fee00000|100%| S|CS|TAMS 0x00000000fed00000, 0x00000000fed00000| Complete 
|  46|0x00000000fee00000, 0x00000000fee00000, 0x00000000fef00000|  0%| F|  |TAMS 0x00000000fee00000, 0x00000000fee00000| Untracked 
|  47|0x00000000fef00000, 0x00000000fef00000, 0x00000000ff000000|  0%| F|  |TAMS 0x00000000fef00000, 0x00000000fef00000| Untracked 
|  48|0x00000000ff000000, 0x00000000ff000000, 0x00000000ff100000|  0%| F|  |TAMS 0x00000000ff000000, 0x00000000ff000000| Untracked 
|  49|0x00000000ff100000, 0x00000000ff100000, 0x00000000ff200000|  0%| F|  |TAMS 0x00000000ff100000, 0x00000000ff100000| Untracked 
|  50|0x00000000ff200000, 0x00000000ff200000, 0x00000000ff300000|  0%| F|  |TAMS 0x00000000ff200000, 0x00000000ff200000| Untracked 
|  51|0x00000000ff300000, 0x00000000ff300000, 0x00000000ff400000|  0%| F|  |TAMS 0x00000000ff300000, 0x00000000ff300000| Untracked 
|  52|0x00000000ff400000, 0x00000000ff400000, 0x00000000ff500000|  0%| F|  |TAMS 0x00000000ff400000, 0x00000000ff400000| Untracked 
|  53|0x00000000ff500000, 0x00000000ff500000, 0x00000000ff600000|  0%| F|  |TAMS 0x00000000ff500000, 0x00000000ff500000| Untracked 
|  54|0x00000000ff600000, 0x00000000ff600000, 0x00000000ff700000|  0%| F|  |TAMS 0x00000000ff600000, 0x00000000ff600000| Untracked 
|  55|0x00000000ff700000, 0x00000000ff700000, 0x00000000ff800000|  0%| F|  |TAMS 0x00000000ff700000, 0x00000000ff700000| Untracked 
|  56|0x00000000ff800000, 0x00000000ff8edce0, 0x00000000ff900000| 92%| E|  |TAMS 0x00000000ff800000, 0x00000000ff800000| Complete 
|  57|0x00000000ff900000, 0x00000000ffa00000, 0x00000000ffa00000|100%| E|CS|TAMS 0x00000000ff900000, 0x00000000ff900000| Complete 
|  58|0x00000000ffa00000, 0x00000000ffb00000, 0x00000000ffb00000|100%| E|CS|TAMS 0x00000000ffa00000, 0x00000000ffa00000| Complete 
|  59|0x00000000ffb00000, 0x00000000ffc00000, 0x00000000ffc00000|100%| E|CS|TAMS 0x00000000ffb00000, 0x00000000ffb00000| Complete 
|  60|0x00000000ffc00000, 0x00000000ffd00000, 0x00000000ffd00000|100%| E|CS|TAMS 0x00000000ffc00000, 0x00000000ffc00000| Complete 
|  61|0x00000000ffd00000, 0x00000000ffe00000, 0x00000000ffe00000|100%| E|CS|TAMS 0x00000000ffd00000, 0x00000000ffd00000| Complete 
|  62|0x00000000ffe00000, 0x00000000fff00000, 0x00000000fff00000|100%| E|CS|TAMS 0x00000000ffe00000, 0x00000000ffe00000| Complete 
|  63|0x00000000fff00000, 0x0000000100000000, 0x0000000100000000|100%| E|CS|TAMS 0x00000000fff00000, 0x00000000fff00000| Complete 

Card table byte_map: [0x000001c9bb100000,0x000001c9bb120000] _byte_map_base: 0x000001c9ba920000

Marking Bits (Prev, Next): (CMBitMap*) 0x000001c9bb2f3c10, (CMBitMap*) 0x000001c9bb2f3c50
 Prev Bits: [0x000001c9bb140000, 0x000001c9bb240000)
 Next Bits: [0x000001c9d1b80000, 0x000001c9d1c80000)

Polling page: 0x000001c9b91f0000

Metaspace:

Usage:
  Non-class:      7.04 MB used.
      Class:      1.09 MB used.
       Both:      8.14 MB used.

Virtual space:
  Non-class space:       64.00 MB reserved,       7.12 MB ( 11%) committed,  1 nodes.
      Class space:        1.00 GB reserved,       1.19 MB ( <1%) committed,  1 nodes.
             Both:        1.06 GB reserved,       8.31 MB ( <1%) committed. 

Chunk freelists:
   Non-Class:  8.41 MB
       Class:  14.67 MB
        Both:  23.08 MB

MaxMetaspaceSize: unlimited
CompressedClassSpaceSize: 1.00 GB
Initial GC threshold: 21.00 MB
Current GC threshold: 21.00 MB
CDS: on
MetaspaceReclaimPolicy: balanced
 - commit_granule_bytes: 65536.
 - commit_granule_words: 8192.
 - virtual_space_node_default_size: 8388608.
 - enlarge_chunks_in_place: 1.
 - new_chunks_are_fully_committed: 0.
 - uncommit_free_chunks: 1.
 - use_allocation_guard: 0.
 - handle_deallocations: 1.


Internal statistics:

num_allocs_failed_limit: 0.
num_arena_births: 78.
num_arena_deaths: 0.
num_vsnodes_births: 2.
num_vsnodes_deaths: 0.
num_space_committed: 133.
num_space_uncommitted: 0.
num_chunks_returned_to_freelist: 0.
num_chunks_taken_from_freelist: 300.
num_chunk_merges: 0.
num_chunk_splits: 197.
num_chunks_enlarged: 161.
num_inconsistent_stats: 0.

CodeHeap 'non-profiled nmethods': size=120000Kb used=534Kb max_used=534Kb free=119465Kb
 bounds [0x000001c9ca650000, 0x000001c9ca8c0000, 0x000001c9d1b80000]
CodeHeap 'profiled nmethods': size=120000Kb used=2657Kb max_used=2657Kb free=117342Kb
 bounds [0x000001c9c2b80000, 0x000001c9c2e20000, 0x000001c9ca0b0000]
CodeHeap 'non-nmethods': size=5760Kb used=1165Kb max_used=1197Kb free=4594Kb
 bounds [0x000001c9ca0b0000, 0x000001c9ca320000, 0x000001c9ca650000]
 total_blobs=1865 nmethods=1407 adapters=371
 compilation: enabled
              stopped_count=0, restarted_count=0
 full_count=0

Compilation events (20 events):
Event: 8.783 Thread 0x000001c9d41c3240 1402       3       java.lang.invoke.LambdaForm::uncustomize (57 bytes)
Event: 8.784 Thread 0x000001c9d41c3240 nmethod 1402 0x000001c9c2e13690 code [0x000001c9c2e13840, 0x000001c9c2e13b68]
Event: 8.784 Thread 0x000001c9d41c3240 1403       2       org.gradle.internal.logging.text.AbstractLineChoppingStyledTextOutput$1::execute (140 bytes)
Event: 8.785 Thread 0x000001c9d41c3240 nmethod 1403 0x000001c9c2e13c90 code [0x000001c9c2e13ec0, 0x000001c9c2e14398]
Event: 8.785 Thread 0x000001c9d41c3240 1404       2       org.gradle.internal.logging.text.AbstractLineChoppingStyledTextOutput$2::execute (77 bytes)
Event: 8.785 Thread 0x000001c9d41c3240 nmethod 1404 0x000001c9c2e14810 code [0x000001c9c2e14a20, 0x000001c9c2e14e08]
Event: 8.785 Thread 0x000001c9d41c3240 1405   !   3       org.gradle.internal.event.AbstractBroadcastDispatch::dispatch (74 bytes)
Event: 8.786 Thread 0x000001c9d41c3240 nmethod 1405 0x000001c9c2e15090 code [0x000001c9c2e15360, 0x000001c9c2e16458]
Event: 8.786 Thread 0x000001c9d41c3240 1406       3       org.gradle.internal.dispatch.ReflectionDispatch::dispatch (9 bytes)
Event: 8.786 Thread 0x000001c9d41c3240 nmethod 1406 0x000001c9c2e16a90 code [0x000001c9c2e16c40, 0x000001c9c2e16e68]
Event: 8.786 Thread 0x000001c9d41c3240 1407   !   3       org.gradle.internal.dispatch.ReflectionDispatch::dispatch (42 bytes)
Event: 8.786 Thread 0x000001c9d41c3240 nmethod 1407 0x000001c9c2e16f10 code [0x000001c9c2e171c0, 0x000001c9c2e17e38]
Event: 8.790 Thread 0x000001c9d41b7310 nmethod 1383% 0x000001c9ca6d3210 code [0x000001c9ca6d3420, 0x000001c9ca6d4780]
Event: 8.790 Thread 0x000001c9d41b7310 1397       4       org.gradle.internal.logging.text.AbstractLineChoppingStyledTextOutput$StateContext::isCurrentCharEquals (70 bytes)
Event: 8.791 Thread 0x000001c9d41b7310 nmethod 1397 0x000001c9ca6d5010 code [0x000001c9ca6d51a0, 0x000001c9ca6d5308]
Event: 8.791 Thread 0x000001c9d41b7310 1408       4       java.lang.String::toString (2 bytes)
Event: 8.792 Thread 0x000001c9d41b7310 nmethod 1408 0x000001c9ca6d5490 code [0x000001c9ca6d5600, 0x000001c9ca6d5678]
Event: 8.792 Thread 0x000001c9d41b7310 1384       4       java.util.Objects::equals (23 bytes)
Event: 8.792 Thread 0x000001c9d41b7310 nmethod 1384 0x000001c9ca6d5790 code [0x000001c9ca6d5900, 0x000001c9ca6d5998]
Event: 8.792 Thread 0x000001c9d41b7310 1390 % !   4       java.util.concurrent.ConcurrentHashMap::transfer @ 437 (849 bytes)

GC Heap History (4 events):
Event: 0.254 GC heap before
{Heap before GC invocations=0 (full 0):
 garbage-first heap   total 65536K, used 12288K [0x00000000fc000000, 0x0000000100000000)
  region size 1024K, 13 young (13312K), 0 survivors (0K)
 Metaspace       used 1791K, committed 1920K, reserved 1114112K
  class space    used 165K, committed 192K, reserved 1048576K
}
Event: 0.257 GC heap after
{Heap after GC invocations=1 (full 0):
 garbage-first heap   total 65536K, used 3292K [0x00000000fc000000, 0x0000000100000000)
  region size 1024K, 2 young (2048K), 2 survivors (2048K)
 Metaspace       used 1791K, committed 1920K, reserved 1114112K
  class space    used 165K, committed 192K, reserved 1048576K
}
Event: 0.533 GC heap before
{Heap before GC invocations=1 (full 0):
 garbage-first heap   total 65536K, used 22748K [0x00000000fc000000, 0x0000000100000000)
  region size 1024K, 18 young (18432K), 2 survivors (2048K)
 Metaspace       used 5653K, committed 5824K, reserved 1114112K
  class space    used 771K, committed 832K, reserved 1048576K
}
Event: 0.536 GC heap after
{Heap after GC invocations=2 (full 0):
 garbage-first heap   total 65536K, used 11220K [0x00000000fc000000, 0x0000000100000000)
  region size 1024K, 3 young (3072K), 3 survivors (3072K)
 Metaspace       used 5653K, committed 5824K, reserved 1114112K
  class space    used 771K, committed 832K, reserved 1048576K
}

Deoptimization events (20 events):
Event: 0.593 Thread 0x000001c9bb2d3d80 Uncommon trap: trap_request=0xffffffc6 fr.pc=0x000001c9ca6b3320 relative=0x00000000000005c0
Event: 0.593 Thread 0x000001c9bb2d3d80 Uncommon trap: reason=bimorphic_or_optimized_type_check action=maybe_recompile pc=0x000001c9ca6b3320 method=java.util.concurrent.ConcurrentHashMap.get(Ljava/lang/Object;)Ljava/lang/Object; @ 149 c2
Event: 0.593 Thread 0x000001c9bb2d3d80 DEOPT PACKING pc=0x000001c9ca6b3320 sp=0x000000bf5b1fbc80
Event: 0.593 Thread 0x000001c9bb2d3d80 DEOPT UNPACKING pc=0x000001c9ca1023a3 sp=0x000000bf5b1fbc20 mode 2
Event: 0.606 Thread 0x000001c9bb2d3d80 Uncommon trap: trap_request=0xffffff45 fr.pc=0x000001c9ca6a854c relative=0x0000000000001c8c
Event: 0.606 Thread 0x000001c9bb2d3d80 Uncommon trap: reason=unstable_if action=reinterpret pc=0x000001c9ca6a854c method=java.io.WinNTFileSystem.normalize(Ljava/lang/String;)Ljava/lang/String; @ 128 c2
Event: 0.606 Thread 0x000001c9bb2d3d80 DEOPT PACKING pc=0x000001c9ca6a854c sp=0x000000bf5b1fbc90
Event: 0.606 Thread 0x000001c9bb2d3d80 DEOPT UNPACKING pc=0x000001c9ca1023a3 sp=0x000000bf5b1fbc78 mode 2
Event: 0.656 Thread 0x000001c9bb2d3d80 Uncommon trap: trap_request=0xffffff45 fr.pc=0x000001c9ca687c24 relative=0x0000000000000664
Event: 0.656 Thread 0x000001c9bb2d3d80 Uncommon trap: reason=unstable_if action=reinterpret pc=0x000001c9ca687c24 method=java.lang.AbstractStringBuilder.append(Ljava/lang/String;)Ljava/lang/AbstractStringBuilder; @ 1 c2
Event: 0.656 Thread 0x000001c9bb2d3d80 DEOPT PACKING pc=0x000001c9ca687c24 sp=0x000000bf5b1fc9c0
Event: 0.656 Thread 0x000001c9bb2d3d80 DEOPT UNPACKING pc=0x000001c9ca1023a3 sp=0x000000bf5b1fc940 mode 2
Event: 0.656 Thread 0x000001c9bb2d3d80 Uncommon trap: trap_request=0xffffff45 fr.pc=0x000001c9ca696324 relative=0x0000000000000664
Event: 0.656 Thread 0x000001c9bb2d3d80 Uncommon trap: reason=unstable_if action=reinterpret pc=0x000001c9ca696324 method=java.lang.AbstractStringBuilder.append(Ljava/lang/String;)Ljava/lang/AbstractStringBuilder; @ 1 c2
Event: 0.656 Thread 0x000001c9bb2d3d80 DEOPT PACKING pc=0x000001c9ca696324 sp=0x000000bf5b1fc960
Event: 0.656 Thread 0x000001c9bb2d3d80 DEOPT UNPACKING pc=0x000001c9ca1023a3 sp=0x000000bf5b1fc948 mode 2
Event: 0.671 Thread 0x000001c9bb2d3d80 Uncommon trap: trap_request=0xffffff45 fr.pc=0x000001c9ca6bda64 relative=0x0000000000000544
Event: 0.671 Thread 0x000001c9bb2d3d80 Uncommon trap: reason=unstable_if action=reinterpret pc=0x000001c9ca6bda64 method=java.util.HashMap.putVal(ILjava/lang/Object;Ljava/lang/Object;ZZ)Ljava/lang/Object; @ 162 c2
Event: 0.671 Thread 0x000001c9bb2d3d80 DEOPT PACKING pc=0x000001c9ca6bda64 sp=0x000000bf5b1fa9c0
Event: 0.671 Thread 0x000001c9bb2d3d80 DEOPT UNPACKING pc=0x000001c9ca1023a3 sp=0x000000bf5b1fa950 mode 2

Classes unloaded (0 events):
No events

Classes redefined (0 events):
No events

Internal exceptions (20 events):
Event: 0.389 Thread 0x000001c9bb2d3d80 Exception <a 'java/lang/NoSuchMethodError'{0x00000000ff8a7600}: 'void java.lang.invoke.DirectMethodHandle$Holder.invokeStatic(java.lang.Object, java.lang.Object)'> (0x00000000ff8a7600) 
thrown [s\open\src\hotspot\share\interpreter\linkResolver.cpp, line 759]
Event: 0.405 Thread 0x000001c9bb2d3d80 Exception <a 'java/lang/NoClassDefFoundError'{0x00000000ff72c7b0}: org/slf4j/impl/StaticMarkerBinder> (0x00000000ff72c7b0) 
thrown [s\open\src\hotspot\share\classfile\systemDictionary.cpp, line 245]
Event: 0.415 Thread 0x000001c9bb2d3d80 Exception <a 'java/lang/NoSuchMethodError'{0x00000000ff7c8410}: 'java.lang.Object java.lang.invoke.DirectMethodHandle$Holder.invokeVirtual(java.lang.Object, java.lang.Object, java.lang.Object, java.lang.Object, java.lang.Object, java.lang.Object, java.lang.Object)'> (0x00000000ff7c8410) 
thrown [s\open\src\hotspot\share\interpreter\linkResolver.cpp, line 759]
Event: 0.416 Thread 0x000001c9bb2d3d80 Exception <a 'java/lang/NoSuchMethodError'{0x00000000ff7d9fb0}: 'java.lang.Object java.lang.invoke.Invokers$Holder.invoker(java.lang.Object, java.lang.Object, java.lang.Object)'> (0x00000000ff7d9fb0) 
thrown [s\open\src\hotspot\share\interpreter\linkResolver.cpp, line 759]
Event: 0.417 Thread 0x000001c9bb2d3d80 Exception <a 'java/lang/NoSuchMethodError'{0x00000000ff7e3108}: 'java.lang.Object java.lang.invoke.DirectMethodHandle$Holder.invokeStatic(java.lang.Object, java.lang.Object, int)'> (0x00000000ff7e3108) 
thrown [s\open\src\hotspot\share\interpreter\linkResolver.cpp, line 759]
Event: 0.418 Thread 0x000001c9bb2d3d80 Exception <a 'java/lang/NoSuchMethodError'{0x00000000ff7eedf8}: 'void java.lang.invoke.DelegatingMethodHandle$Holder.delegate(java.lang.Object, java.lang.Object, int, java.lang.Object)'> (0x00000000ff7eedf8) 
thrown [s\open\src\hotspot\share\interpreter\linkResolver.cpp, line 759]
Event: 0.419 Thread 0x000001c9bb2d3d80 Exception <a 'java/lang/NoSuchMethodError'{0x00000000ff7f3190}: 'int java.lang.invoke.DirectMethodHandle$Holder.invokeSpecial(java.lang.Object, java.lang.Object, java.lang.Object)'> (0x00000000ff7f3190) 
thrown [s\open\src\hotspot\share\interpreter\linkResolver.cpp, line 759]
Event: 0.420 Thread 0x000001c9bb2d3d80 Exception <a 'java/lang/NoSuchMethodError'{0x00000000ff6069d0}: 'java.lang.Object java.lang.invoke.Invokers$Holder.invokeExact_MT(java.lang.Object, java.lang.Object, java.lang.Object, java.lang.Object)'> (0x00000000ff6069d0) 
thrown [s\open\src\hotspot\share\interpreter\linkResolver.cpp, line 759]
Event: 0.484 Thread 0x000001c9bb2d3d80 Exception <a 'java/lang/NoSuchMethodError'{0x00000000ff02cd88}: 'void java.lang.invoke.DirectMethodHandle$Holder.invokeSpecial(java.lang.Object, java.lang.Object, java.lang.Object)'> (0x00000000ff02cd88) 
thrown [s\open\src\hotspot\share\interpreter\linkResolver.cpp, line 759]
Event: 0.493 Thread 0x000001c9bb2d3d80 Implicit null exception at 0x000001c9ca6a300f to 0x000001c9ca6a35ac
Event: 0.493 Thread 0x000001c9bb2d3d80 Implicit null exception at 0x000001c9ca69040f to 0x000001c9ca6909cc
Event: 0.509 Thread 0x000001c9bb2d3d80 Exception <a 'java/lang/NoSuchMethodError'{0x00000000fefd2688}: 'java.lang.Object java.lang.invoke.DirectMethodHandle$Holder.invokeStaticInit(java.lang.Object)'> (0x00000000fefd2688) 
thrown [s\open\src\hotspot\share\interpreter\linkResolver.cpp, line 759]
Event: 0.590 Thread 0x000001c9bb2d3d80 Exception <a 'java/lang/NoSuchMethodError'{0x00000000ffc31098}: 'java.lang.Object java.lang.invoke.DirectMethodHandle$Holder.invokeStaticInit(java.lang.Object, int, int, int, int)'> (0x00000000ffc31098) 
thrown [s\open\src\hotspot\share\interpreter\linkResolver.cpp, line 759]
Event: 0.615 Thread 0x000001c9bb2d3d80 Exception <a 'java/lang/NoSuchMethodError'{0x00000000ffb06a30}: 'java.lang.Object java.lang.invoke.DirectMethodHandle$Holder.invokeStaticInit(java.lang.Object, java.lang.Object, int, int, int, int)'> (0x00000000ffb06a30) 
thrown [s\open\src\hotspot\share\interpreter\linkResolver.cpp, line 759]
Event: 0.644 Thread 0x000001c9bb2d3d80 Exception <a 'java/lang/NoSuchMethodError'{0x00000000ffb31de8}: 'void java.lang.invoke.DirectMethodHandle$Holder.invokeStatic(java.lang.Object, java.lang.Object, java.lang.Object)'> (0x00000000ffb31de8) 
thrown [s\open\src\hotspot\share\interpreter\linkResolver.cpp, line 759]
Event: 0.656 Thread 0x000001c9bb2d3d80 Implicit null exception at 0x000001c9ca6875f2 to 0x000001c9ca687c0c
Event: 0.656 Thread 0x000001c9bb2d3d80 Implicit null exception at 0x000001c9ca695cf2 to 0x000001c9ca69630c
Event: 8.771 Thread 0x000001c9bb2d3d80 Exception <a 'sun/net/ConnectionResetException'{0x00000000ff9d0508}: Connection reset> (0x00000000ff9d0508) 
thrown [s\open\src\hotspot\share\prims\jni.cpp, line 535]
Event: 8.775 Thread 0x000001c9bb2d3d80 Exception <a 'java/lang/NoSuchMethodError'{0x00000000ff8403e8}: 'int java.lang.invoke.DirectMethodHandle$Holder.invokeVirtual(java.lang.Object, java.lang.Object)'> (0x00000000ff8403e8) 
thrown [s\open\src\hotspot\share\interpreter\linkResolver.cpp, line 759]
Event: 8.777 Thread 0x000001c9d4f083f0 Exception <a 'java/io/IOException'{0x00000000ff9ecac8}: Connection reset by peer> (0x00000000ff9ecac8) 
thrown [s\open\src\hotspot\share\prims\jni.cpp, line 535]

VM Operations (20 events):
Event: 0.417 Executing VM operation: HandshakeAllThreads
Event: 0.417 Executing VM operation: HandshakeAllThreads done
Event: 0.533 Executing VM operation: G1CollectForAllocation
Event: 0.536 Executing VM operation: G1CollectForAllocation done
Event: 0.560 Executing VM operation: HandshakeAllThreads
Event: 0.560 Executing VM operation: HandshakeAllThreads done
Event: 0.607 Executing VM operation: HandshakeAllThreads
Event: 0.607 Executing VM operation: HandshakeAllThreads done
Event: 1.609 Executing VM operation: Cleanup
Event: 1.609 Executing VM operation: Cleanup done
Event: 5.645 Executing VM operation: Cleanup
Event: 5.645 Executing VM operation: Cleanup done
Event: 6.657 Executing VM operation: Cleanup
Event: 6.657 Executing VM operation: Cleanup done
Event: 7.666 Executing VM operation: Cleanup
Event: 7.666 Executing VM operation: Cleanup done
Event: 8.677 Executing VM operation: Cleanup
Event: 8.677 Executing VM operation: Cleanup done
Event: 8.780 Executing VM operation: HandshakeAllThreads
Event: 8.780 Executing VM operation: HandshakeAllThreads done

Events (20 events):
Event: 3.042 loading class jdk/internal/reflect/Label
Event: 3.042 loading class jdk/internal/reflect/Label done
Event: 3.042 loading class jdk/internal/reflect/Label$PatchInfo
Event: 3.042 loading class jdk/internal/reflect/Label$PatchInfo done
Event: 3.042 loading class jdk/internal/reflect/MethodAccessorGenerator$1
Event: 3.043 loading class jdk/internal/reflect/MethodAccessorGenerator$1 done
Event: 3.043 loading class jdk/internal/reflect/ClassDefiner
Event: 3.043 loading class jdk/internal/reflect/ClassDefiner done
Event: 3.043 loading class jdk/internal/reflect/ClassDefiner$1
Event: 3.043 loading class jdk/internal/reflect/ClassDefiner$1 done
Event: 8.770 loading class sun/net/ConnectionResetException
Event: 8.771 loading class sun/net/ConnectionResetException done
Event: 8.777 loading class java/util/concurrent/locks/AbstractQueuedSynchronizer$ExclusiveNode
Event: 8.777 loading class java/util/concurrent/locks/AbstractQueuedSynchronizer$ExclusiveNode done
Event: 8.777 Thread 0x000001c9d4f083f0 Thread exited: 0x000001c9d4f083f0
Event: 8.778 loading class java/util/concurrent/ConcurrentLinkedQueue$Itr
Event: 8.778 loading class java/util/concurrent/ConcurrentLinkedQueue$Itr done
Event: 8.786 Thread 0x000001c9d4f083f0 Thread added: 0x000001c9d4f083f0
Event: 8.787 Thread 0x000001c9d472c2d0 Thread exited: 0x000001c9d472c2d0
Event: 8.790 Thread 0x000001c9d46c2210 Thread added: 0x000001c9d46c2210


Dynamic libraries:
0x00007ff7d7780000 - 0x00007ff7d7790000 	C:\Program Files\Java\jdk-17\bin\java.exe
0x00007ff88b290000 - 0x00007ff88b487000 	C:\Windows\SYSTEM32\ntdll.dll
0x00007ff88a580000 - 0x00007ff88a63d000 	C:\Windows\System32\KERNEL32.DLL
0x00007ff888e30000 - 0x00007ff889126000 	C:\Windows\System32\KERNELBASE.dll
0x00007ff888d00000 - 0x00007ff888e00000 	C:\Windows\System32\ucrtbase.dll
0x00007ff86ed50000 - 0x00007ff86ed6b000 	C:\Program Files\Java\jdk-17\bin\VCRUNTIME140.dll
0x00007ff8797c0000 - 0x00007ff8797d9000 	C:\Program Files\Java\jdk-17\bin\jli.dll
0x00007ff88a330000 - 0x00007ff88a3de000 	C:\Windows\System32\ADVAPI32.dll
0x00007ff88a8f0000 - 0x00007ff88a98e000 	C:\Windows\System32\msvcrt.dll
0x00007ff88a990000 - 0x00007ff88aa2c000 	C:\Windows\System32\sechost.dll
0x00007ff88a7c0000 - 0x00007ff88a8e6000 	C:\Windows\System32\RPCRT4.dll
0x00007ff88a3e0000 - 0x00007ff88a57e000 	C:\Windows\System32\USER32.dll
0x00007ff880d70000 - 0x00007ff88100a000 	C:\Windows\WinSxS\amd64_microsoft.windows.common-controls_6595b64144ccf1df_6.0.19041.3570_none_60bb2a3971f3e41a\COMCTL32.dll
0x00007ff888bb0000 - 0x00007ff888bd2000 	C:\Windows\System32\win32u.dll
0x00007ff889580000 - 0x00007ff8895ac000 	C:\Windows\System32\GDI32.dll
0x00007ff888be0000 - 0x00007ff888cfa000 	C:\Windows\System32\gdi32full.dll
0x00007ff8891a0000 - 0x00007ff88923d000 	C:\Windows\System32\msvcp_win.dll
0x00007ff882e10000 - 0x00007ff882e1a000 	C:\Windows\SYSTEM32\VERSION.dll
0x00007ff88a640000 - 0x00007ff88a670000 	C:\Windows\System32\IMM32.DLL
0x00007ff8796c0000 - 0x00007ff8796cc000 	C:\Program Files\Java\jdk-17\bin\vcruntime140_1.dll
0x00007ff865750000 - 0x00007ff8657de000 	C:\Program Files\Java\jdk-17\bin\msvcp140.dll
0x00007ff8636b0000 - 0x00007ff864291000 	C:\Program Files\Java\jdk-17\bin\server\jvm.dll
0x00007ff8899c0000 - 0x00007ff8899c8000 	C:\Windows\System32\PSAPI.DLL
0x00007ff86f550000 - 0x00007ff86f559000 	C:\Windows\SYSTEM32\WSOCK32.dll
0x00007ff8817a0000 - 0x00007ff8817c7000 	C:\Windows\SYSTEM32\WINMM.dll
0x00007ff88b0c0000 - 0x00007ff88b12b000 	C:\Windows\System32\WS2_32.dll
0x00007ff886830000 - 0x00007ff886842000 	C:\Windows\SYSTEM32\kernel.appcore.dll
0x00007ff86feb0000 - 0x00007ff86feba000 	C:\Program Files\Java\jdk-17\bin\jimage.dll
0x00007ff87c620000 - 0x00007ff87c804000 	C:\Windows\SYSTEM32\DBGHELP.DLL
0x00007ff86d8a0000 - 0x00007ff86d8d4000 	C:\Windows\SYSTEM32\dbgcore.DLL
0x00007ff888ad0000 - 0x00007ff888b52000 	C:\Windows\System32\bcryptPrimitives.dll
0x00007ff866b30000 - 0x00007ff866b55000 	C:\Program Files\Java\jdk-17\bin\java.dll
0x00007ff865410000 - 0x00007ff8654e7000 	C:\Program Files\Java\jdk-17\bin\jsvml.dll
0x00007ff889b10000 - 0x00007ff88a254000 	C:\Windows\System32\SHELL32.dll
0x00007ff886a30000 - 0x00007ff8871cb000 	C:\Windows\SYSTEM32\windows.storage.dll
0x00007ff889660000 - 0x00007ff8899b4000 	C:\Windows\System32\combase.dll
0x00007ff8883b0000 - 0x00007ff8883dd000 	C:\Windows\SYSTEM32\Wldp.dll
0x00007ff8895b0000 - 0x00007ff88965d000 	C:\Windows\System32\SHCORE.dll
0x00007ff88b060000 - 0x00007ff88b0b5000 	C:\Windows\System32\shlwapi.dll
0x00007ff8888a0000 - 0x00007ff8888c5000 	C:\Windows\SYSTEM32\profapi.dll
0x00007ff868df0000 - 0x00007ff868e09000 	C:\Program Files\Java\jdk-17\bin\net.dll
0x00007ff87fed0000 - 0x00007ff87ffda000 	C:\Windows\SYSTEM32\WINHTTP.dll
0x00007ff888110000 - 0x00007ff88817a000 	C:\Windows\system32\mswsock.dll
0x00007ff866b10000 - 0x00007ff866b26000 	C:\Program Files\Java\jdk-17\bin\nio.dll
0x00007ff865730000 - 0x00007ff865748000 	C:\Program Files\Java\jdk-17\bin\zip.dll
0x00007ff86fe70000 - 0x00007ff86fe80000 	C:\Program Files\Java\jdk-17\bin\verify.dll
0x00007ff86bd50000 - 0x00007ff86bd77000 	C:\Users\Admin\.gradle\native\68d5fa5c4cc2d200863cafc0d521ce42e7d3e7ee720ec0a83991735586a16f82\windows-amd64\native-platform.dll
0x00007ff869280000 - 0x00007ff86928a000 	C:\Program Files\Java\jdk-17\bin\management.dll
0x00007ff867080000 - 0x00007ff86708b000 	C:\Program Files\Java\jdk-17\bin\management_ext.dll
0x00007ff888310000 - 0x00007ff888328000 	C:\Windows\SYSTEM32\CRYPTSP.dll
0x00007ff8879b0000 - 0x00007ff8879e4000 	C:\Windows\system32\rsaenh.dll
0x00007ff888e00000 - 0x00007ff888e27000 	C:\Windows\System32\bcrypt.dll
0x00007ff888860000 - 0x00007ff88888e000 	C:\Windows\SYSTEM32\USERENV.dll
0x00007ff888300000 - 0x00007ff88830c000 	C:\Windows\SYSTEM32\CRYPTBASE.dll
0x00007ff887db0000 - 0x00007ff887deb000 	C:\Windows\SYSTEM32\IPHLPAPI.DLL
0x00007ff88a6e0000 - 0x00007ff88a6e8000 	C:\Windows\System32\NSI.dll
0x00007ff882350000 - 0x00007ff882367000 	C:\Windows\SYSTEM32\dhcpcsvc6.DLL
0x00007ff8822d0000 - 0x00007ff8822ed000 	C:\Windows\SYSTEM32\dhcpcsvc.DLL
0x00007ff887df0000 - 0x00007ff887eba000 	C:\Windows\SYSTEM32\DNSAPI.dll
0x00007ff8844b0000 - 0x00007ff8844be000 	C:\Program Files\Java\jdk-17\bin\sunmscapi.dll
0x00007ff888970000 - 0x00007ff888acd000 	C:\Windows\System32\CRYPT32.dll
0x00007ff888420000 - 0x00007ff888447000 	C:\Windows\SYSTEM32\ncrypt.dll
0x00007ff8883e0000 - 0x00007ff88841b000 	C:\Windows\SYSTEM32\NTASN1.dll
0x00007ff884390000 - 0x00007ff884397000 	C:\Windows\system32\wshunix.dll

dbghelp: loaded successfully - version: 4.0.5 - missing functions: none
symbol engine: initialized successfully - sym options: 0x614 - pdb path: .;C:\Program Files\Java\jdk-17\bin;C:\Windows\SYSTEM32;C:\Windows\WinSxS\amd64_microsoft.windows.common-controls_6595b64144ccf1df_6.0.19041.3570_none_60bb2a3971f3e41a;C:\Program Files\Java\jdk-17\bin\server;C:\Users\Admin\.gradle\native\68d5fa5c4cc2d200863cafc0d521ce42e7d3e7ee720ec0a83991735586a16f82\windows-amd64

VM Arguments:
jvm_args: -Xmx64m -Xms64m -Dorg.gradle.appname=gradlew 
java_command: org.gradle.wrapper.GradleWrapperMain app:installDebug -PreactNativeDevServerPort=8081
java_class_path (initial): D:\WORKSPACE\PROJECTS\canadian-mortgage-calculator\android\\gradle\wrapper\gradle-wrapper.jar
Launcher Type: SUN_STANDARD

[Global flags]
     intx CICompilerCount                          = 3                                         {product} {ergonomic}
     uint ConcGCThreads                            = 1                                         {product} {ergonomic}
     uint G1ConcRefinementThreads                  = 4                                         {product} {ergonomic}
   size_t G1HeapRegionSize                         = 1048576                                   {product} {ergonomic}
    uintx GCDrainStackTargetSize                   = 64                                        {product} {ergonomic}
   size_t InitialHeapSize                          = 67108864                                  {product} {command line}
   size_t MarkStackSize                            = 4194304                                   {product} {ergonomic}
   size_t MaxHeapSize                              = 67108864                                  {product} {command line}
   size_t MaxNewSize                               = 39845888                                  {product} {ergonomic}
   size_t MinHeapDeltaBytes                        = 1048576                                   {product} {ergonomic}
   size_t MinHeapSize                              = 67108864                                  {product} {command line}
    uintx NonNMethodCodeHeapSize                   = 5832780                                {pd product} {ergonomic}
    uintx NonProfiledCodeHeapSize                  = 122912730                              {pd product} {ergonomic}
    uintx ProfiledCodeHeapSize                     = 122912730                              {pd product} {ergonomic}
    uintx ReservedCodeCacheSize                    = 251658240                              {pd product} {ergonomic}
     bool SegmentedCodeCache                       = true                                      {product} {ergonomic}
   size_t SoftMaxHeapSize                          = 67108864                               {manageable} {ergonomic}
     bool UseCompressedClassPointers               = true                           {product lp64_product} {ergonomic}
     bool UseCompressedOops                        = true                           {product lp64_product} {ergonomic}
     bool UseG1GC                                  = true                                      {product} {ergonomic}
     bool UseLargePagesIndividualAllocation        = false                                  {pd product} {ergonomic}

Logging:
Log output configuration:
 #0: stdout all=warning uptime,level,tags
 #1: stderr all=off uptime,level,tags

Environment Variables:
JAVA_HOME=C:\Program Files\Java\jdk-17
CLASSPATH=D:\WORKSPACE\PROJECTS\canadian-mortgage-calculator\android\\gradle\wrapper\gradle-wrapper.jar
PATH=D:\WORKSPACE\PROJECTS\canadian-mortgage-calculator\node_modules\.bin;D:\WORKSPACE\PROJECTS\canadian-mortgage-calculator\node_modules\.bin;D:\WORKSPACE\PROJECTS\node_modules\.bin;D:\WORKSPACE\node_modules\.bin;D:\node_modules\.bin;C:\Users\Admin\AppData\Roaming\npm\node_modules\npm\node_modules\@npmcli\run-script\lib\node-gyp-bin;D:\WORKSPACE\PROJECTS\canadian-mortgage-calculator\node_modules\.bin;D:\WORKSPACE\PROJECTS\node_modules\.bin;D:\WORKSPACE\node_modules\.bin;D:\node_modules\.bin;C:\Users\Admin\AppData\Roaming\npm\node_modules\npm\node_modules\@npmcli\run-script\lib\node-gyp-bin;C:\Program Files\Common Files\Oracle\Java\javapath;C:\Python311\Scripts\;C:\Python311\;C:\Windows\system32;C:\Windows;C:\Windows\System32\Wbem;C:\Windows\System32\WindowsPowerShell\v1.0\;C:\Windows\System32\OpenSSH\;D:\WORKSPACE\XAMPP\mysql\bin;D:\WORKSPACE\XAMPP\php;C:\ProgramData\ComposerSetup\bin;D:\WORKSPACE\XAMPP\php;D:\DEVELOPMENT_TOOL\ANDROID_SDK\platform-tools;D:\DEVELOPMENT_TOOL\FLUTTER SDK\flutter_windows_2.10.2-stable\flutter\bin;C:\Program Files\Java\jdk1.8.0_321\bin;C:\ProgramData\chocolatey\bin;D:\DEVELOPMENT_TOOL\NODEJS\;D:\DEVELOPMENT_TOOL\GRADLE\gradle-7.6.1\bin;C:\Program Files\Azure Data Studio\bin;C:\Program Files\Git\cmd;D:\DEVELOPMENT_TOOL\ANDROID_SDK\cmdline-tools\latest\bin;C:\Users\Admin\AppData\Local\Microsoft\WindowsApps;C:\Users\Admin\AppData\Roaming\Composer\vendor\bin;C:\Users\Admin\AppData\Local\gitkraken\bin;D:\DEVELOPMENT_TOOL\ANDROID_SDK\platform-tools;C:\Users\Admin\AppData\Roaming\npm;C:\Program Files\Azure Data Studio\bin;C:\Users\Admin\AppData\Local\Programs\Microsoft VS Code\bin
USERNAME=Admin
LANG=en_US.UTF-8
OS=Windows_NT
PROCESSOR_IDENTIFIER=Intel64 Family 6 Model 158 Stepping 10, GenuineIntel



---------------  S Y S T E M  ---------------

OS:
 Windows 10 , 64 bit Build 19041 (10.0.19041.3570)
OS uptime: 0 days 0:14 hours

CPU: total 4 (initial active 4) (4 cores per cpu, 1 threads per core) family 6 model 158 stepping 10 microcode 0xb4, cx8, cmov, fxsr, mmx, 3dnowpref, sse, sse2, sse3, ssse3, sse4.1, sse4.2, popcnt, lzcnt, tsc, tscinvbit, avx, avx2, aes, erms, clmul, bmi1, bmi2, adx, fma, vzeroupper, clflush, clflushopt

Memory: 4k page, system-wide physical 7247M (689M free)
TotalPageFile size 20336M (AvailPageFile size 632M)
current process WorkingSet (physical memory assigned to process): 84M, peak: 85M
current process commit charge ("private bytes"): 156M, peak: 156M

vm_info: Java HotSpot(TM) 64-Bit Server VM (17.0.9+11-LTS-201) for windows-amd64 JRE (17.0.9+11-LTS-201), built on Oct 10 2023 23:16:06 by "mach5one" with MS VC++ 17.1 (VS2022)

END.
