#
# There is insufficient memory for the Java Runtime Environment to continue.
# Native memory allocation (mmap) failed to map 391118848 bytes for G1 virtual space
# Possible reasons:
#   The system is out of physical RAM or swap space
#   The process is running with CompressedOops enabled, and the Java Heap may be blocking the growth of the native heap
# Possible solutions:
#   Reduce memory load on the system
#   Increase physical memory or swap space
#   Check if swap backing store is full
#   Decrease Java heap size (-Xmx/-Xms)
#   Decrease number of Java threads
#   Decrease Java thread stack sizes (-Xss)
#   Set larger code cache with -XX:ReservedCodeCacheSize=
#   JVM is running with Unscaled Compressed Oops mode in which the Java heap is
#     placed in the first 4GB address space. The Java Heap base address is the
#     maximum limit for the native heap growth. Please use -XX:HeapBaseMinAddress
#     to set the Java Heap base and to place the Java Heap above 4GB virtual address.
# This output file may be truncated or incomplete.
#
#  Out of Memory Error (os_windows.cpp:3552), pid=10724, tid=5060
#
# JRE version: Java(TM) SE Runtime Environment (17.0.9+11) (build 17.0.9+11-LTS-201)
# Java VM: Java HotSpot(TM) 64-Bit Server VM (17.0.9+11-LTS-201, mixed mode, sharing, tiered, compressed oops, compressed class ptrs, g1 gc, windows-amd64)
# No core dump will be written. Minidumps are not enabled by default on client versions of Windows
#

---------------  S U M M A R Y ------------

Command Line: -XX:MaxMetaspaceSize=512m --add-opens=java.base/java.util=ALL-UNNAMED --add-opens=java.base/java.lang=ALL-UNNAMED --add-opens=java.base/java.lang.invoke=ALL-UNNAMED --add-opens=java.prefs/java.util.prefs=ALL-UNNAMED --add-opens=java.base/java.nio.charset=ALL-UNNAMED --add-opens=java.base/java.net=ALL-UNNAMED --add-opens=java.base/java.util.concurrent.atomic=ALL-UNNAMED -Xmx2048m -Dfile.encoding=windows-1252 -Duser.country=US -Duser.language=en -Duser.variant org.gradle.launcher.daemon.bootstrap.GradleDaemon 8.0.1

Host: Intel(R) Core(TM) i3-9100F CPU @ 3.60GHz, 4 cores, 7G,  Windows 10 , 64 bit Build 19041 (10.0.19041.3636)
Time: Tue Jan 16 21:10:56 2024 SE Asia Standard Time elapsed time: 45.715296 seconds (0d 0h 0m 45s)

---------------  T H R E A D  ---------------

Current thread (0x00000263c1833f90):  VMThread "VM Thread" [stack: 0x0000006a39b00000,0x0000006a39c00000] [id=5060]

Stack: [0x0000006a39b00000,0x0000006a39c00000]
Native frames: (J=compiled Java code, j=interpreted, Vv=VM code, C=native code)
V  [jvm.dll+0x678a4a]
V  [jvm.dll+0x7d9cfd]
V  [jvm.dll+0x7db60e]
V  [jvm.dll+0x7dbc73]
V  [jvm.dll+0x245e1f]
V  [jvm.dll+0x6758f9]
V  [jvm.dll+0x66a2a2]
V  [jvm.dll+0x303686]
V  [jvm.dll+0x30ac06]
V  [jvm.dll+0x35a48e]
V  [jvm.dll+0x35a6bf]
V  [jvm.dll+0x2da678]
V  [jvm.dll+0x2d8a85]
V  [jvm.dll+0x2d808c]
V  [jvm.dll+0x31b97b]
V  [jvm.dll+0x7e048b]
V  [jvm.dll+0x7e11c4]
V  [jvm.dll+0x7e16dd]
V  [jvm.dll+0x7e1ab4]
V  [jvm.dll+0x7e1b80]
V  [jvm.dll+0x78998a]
V  [jvm.dll+0x677875]
C  [ucrtbase.dll+0x21bb2]
C  [KERNEL32.DLL+0x17344]
C  [ntdll.dll+0x526b1]

VM_Operation (0x0000006a3eafa110): G1CollectForAllocation, mode: safepoint, requested by thread 0x00000263e2edd8c0


---------------  P R O C E S S  ---------------

Threads class SMR info:
_java_thread_list=0x00000263ed511b60, length=95, elements={
0x00000263a1facef0, 0x00000263c1839e10, 0x00000263c183a9a0, 0x00000263c184e5f0,
0x00000263c184fed0, 0x00000263c1850f40, 0x00000263c1852820, 0x00000263c1853420,
0x00000263c1854580, 0x00000263c18d9560, 0x00000263c1a9d1c0, 0x00000263c1aa58f0,
0x00000263e2d0a2c0, 0x00000263e1623660, 0x00000263e22dfea0, 0x00000263e2a4e210,
0x00000263e21004e0, 0x00000263e2a16820, 0x00000263e26f4280, 0x00000263e26f4ca0,
0x00000263e26f4790, 0x00000263e26f51b0, 0x00000263e26f3d70, 0x00000263e37326d0,
0x00000263e3732be0, 0x00000263e372f940, 0x00000263e3731cb0, 0x00000263e3730360,
0x00000263e37330f0, 0x00000263e3730d80, 0x00000263e3735970, 0x00000263e3733600,
0x00000263e3734530, 0x00000263e3734a40, 0x00000263e3734020, 0x00000263e3734f50,
0x00000263e372fe50, 0x00000263e3735e80, 0x00000263e3730870, 0x00000263e3735460,
0x00000263e37317a0, 0x00000263e3736390, 0x00000263e372ef20, 0x00000263e3731290,
0x00000263e37368a0, 0x00000263e372f430, 0x00000263e37321c0, 0x00000263e4690d10,
0x00000263e4693590, 0x00000263e468e490, 0x00000263e468e9a0, 0x00000263e46944c0,
0x00000263e4693080, 0x00000263e468f8d0, 0x00000263e4693aa0, 0x00000263e4692660,
0x00000263e468fde0, 0x00000263e4693fb0, 0x00000263e468da70, 0x00000263e4692150,
0x00000263e468df80, 0x00000263e468d050, 0x00000263e4692b70, 0x00000263e4691220,
0x00000263e46949d0, 0x00000263e46902f0, 0x00000263e468d560, 0x00000263e468f3c0,
0x00000263e4691730, 0x00000263e2edc480, 0x00000263e2edb550, 0x00000263e2edba60,
0x00000263e2edd8c0, 0x00000263e2edc990, 0x00000263e2edddd0, 0x00000263e2edbf70,
0x00000263e2edd3b0, 0x00000263e2ede2e0, 0x00000263e2ede7f0, 0x00000263e2af3240,
0x00000263e2af2820, 0x00000263e2af09c0, 0x00000263e2af2d30, 0x00000263e2af0ed0,
0x00000263e2aefa90, 0x00000263e2aeffa0, 0x00000263e2af04b0, 0x00000263e2af1e00,
0x00000263e14f7b00, 0x00000263e77fd810, 0x00000263e78005a0, 0x00000263e77fb4a0,
0x00000263e77fa570, 0x00000263e7800ab0, 0x00000263e77faa80
}

Java Threads: ( => current thread )
  0x00000263a1facef0 JavaThread "main" [_thread_blocked, id=14460, stack(0x0000006a39500000,0x0000006a39600000)]
  0x00000263c1839e10 JavaThread "Reference Handler" daemon [_thread_blocked, id=16932, stack(0x0000006a39c00000,0x0000006a39d00000)]
  0x00000263c183a9a0 JavaThread "Finalizer" daemon [_thread_blocked, id=13452, stack(0x0000006a39d00000,0x0000006a39e00000)]
  0x00000263c184e5f0 JavaThread "Signal Dispatcher" daemon [_thread_blocked, id=3260, stack(0x0000006a39f00000,0x0000006a3a000000)]
  0x00000263c184fed0 JavaThread "Attach Listener" daemon [_thread_blocked, id=4624, stack(0x0000006a3a000000,0x0000006a3a100000)]
  0x00000263c1850f40 JavaThread "Service Thread" daemon [_thread_blocked, id=8568, stack(0x0000006a3a100000,0x0000006a3a200000)]
  0x00000263c1852820 JavaThread "Monitor Deflation Thread" daemon [_thread_blocked, id=11824, stack(0x0000006a3a200000,0x0000006a3a300000)]
  0x00000263c1853420 JavaThread "C2 CompilerThread0" daemon [_thread_blocked, id=16768, stack(0x0000006a3a300000,0x0000006a3a400000)]
  0x00000263c1854580 JavaThread "C1 CompilerThread0" daemon [_thread_blocked, id=16136, stack(0x0000006a3a400000,0x0000006a3a500000)]
  0x00000263c18d9560 JavaThread "Sweeper thread" daemon [_thread_blocked, id=9652, stack(0x0000006a3a500000,0x0000006a3a600000)]
  0x00000263c1a9d1c0 JavaThread "Common-Cleaner" daemon [_thread_blocked, id=9212, stack(0x0000006a3a600000,0x0000006a3a700000)]
  0x00000263c1aa58f0 JavaThread "Notification Thread" daemon [_thread_blocked, id=15560, stack(0x0000006a3a700000,0x0000006a3a800000)]
  0x00000263e2d0a2c0 JavaThread "Daemon health stats" [_thread_blocked, id=14692, stack(0x0000006a3ad00000,0x0000006a3ae00000)]
  0x00000263e1623660 JavaThread "Incoming local TCP Connector on port 58411" [_thread_in_native, id=12000, stack(0x0000006a3ae00000,0x0000006a3af00000)]
  0x00000263e22dfea0 JavaThread "Daemon periodic checks" [_thread_blocked, id=7072, stack(0x0000006a3af00000,0x0000006a3b000000)]
  0x00000263e2a4e210 JavaThread "Daemon" [_thread_blocked, id=7344, stack(0x0000006a3b000000,0x0000006a3b100000)]
  0x00000263e21004e0 JavaThread "Handler for socket connection from /127.0.0.1:58411 to /127.0.0.1:58412" [_thread_in_native, id=11580, stack(0x0000006a3b100000,0x0000006a3b200000)]
  0x00000263e2a16820 JavaThread "Cancel handler" [_thread_blocked, id=17656, stack(0x0000006a3b200000,0x0000006a3b300000)]
  0x00000263e26f4280 JavaThread "Daemon worker" [_thread_blocked, id=7740, stack(0x0000006a3b300000,0x0000006a3b400000)]
  0x00000263e26f4ca0 JavaThread "Asynchronous log dispatcher for DefaultDaemonConnection: socket connection from /127.0.0.1:58411 to /127.0.0.1:58412" [_thread_blocked, id=4736, stack(0x0000006a3b400000,0x0000006a3b500000)]
  0x00000263e26f4790 JavaThread "Stdin handler" [_thread_blocked, id=13264, stack(0x0000006a3b500000,0x0000006a3b600000)]
  0x00000263e26f51b0 JavaThread "Daemon client event forwarder" [_thread_blocked, id=3204, stack(0x0000006a3b600000,0x0000006a3b700000)]
  0x00000263e26f3d70 JavaThread "Cache worker for journal cache (C:\Users\Admin\.gradle\caches\journal-1)" [_thread_blocked, id=14092, stack(0x0000006a3b700000,0x0000006a3b800000)]
  0x00000263e37326d0 JavaThread "File lock request listener" [_thread_in_native, id=18104, stack(0x0000006a3b800000,0x0000006a3b900000)]
  0x00000263e3732be0 JavaThread "Cache worker for file hash cache (C:\Users\Admin\.gradle\caches\8.0.1\fileHashes)" [_thread_blocked, id=7236, stack(0x0000006a3b900000,0x0000006a3ba00000)]
  0x00000263e372f940 JavaThread "File watcher server" daemon [_thread_in_native, id=14484, stack(0x0000006a3a900000,0x0000006a3aa00000)]
  0x00000263e3731cb0 JavaThread "File watcher consumer" daemon [_thread_blocked, id=17052, stack(0x0000006a3ba00000,0x0000006a3bb00000)]
  0x00000263e3730360 JavaThread "Cache worker for checksums cache (D:\WORKSPACE\PROJECTS\canadian-mortgage-calculator\android\.gradle\8.0.1\checksums)" [_thread_blocked, id=10880, stack(0x0000006a3bb00000,0x0000006a3bc00000)]
  0x00000263e37330f0 JavaThread "Cache worker for cache directory md-rule (C:\Users\Admin\.gradle\caches\8.0.1\md-rule)" [_thread_blocked, id=11968, stack(0x0000006a3bc00000,0x0000006a3bd00000)]
  0x00000263e3730d80 JavaThread "Cache worker for file content cache (C:\Users\Admin\.gradle\caches\8.0.1\fileContent)" [_thread_blocked, id=4292, stack(0x0000006a3be00000,0x0000006a3bf00000)]
  0x00000263e3735970 JavaThread "Cache worker for file hash cache (D:\WORKSPACE\PROJECTS\canadian-mortgage-calculator\android\.gradle\8.0.1\fileHashes)" [_thread_blocked, id=992, stack(0x0000006a3bf00000,0x0000006a3c000000)]
  0x00000263e3733600 JavaThread "Cache worker for cache directory md-supplier (C:\Users\Admin\.gradle\caches\8.0.1\md-supplier)" [_thread_blocked, id=2216, stack(0x0000006a3c000000,0x0000006a3c100000)]
  0x00000263e3734530 JavaThread "Cache worker for execution history cache (C:\Users\Admin\.gradle\caches\8.0.1\executionHistory)" [_thread_blocked, id=14356, stack(0x0000006a3bd00000,0x0000006a3be00000)]
  0x00000263e3734a40 JavaThread "jar transforms" [_thread_blocked, id=4076, stack(0x0000006a3c300000,0x0000006a3c400000)]
  0x00000263e3734020 JavaThread "jar transforms Thread 2" [_thread_blocked, id=16468, stack(0x0000006a3c400000,0x0000006a3c500000)]
  0x00000263e3734f50 JavaThread "jar transforms Thread 3" [_thread_blocked, id=8772, stack(0x0000006a3c500000,0x0000006a3c600000)]
  0x00000263e372fe50 JavaThread "jar transforms Thread 4" [_thread_blocked, id=8680, stack(0x0000006a3c600000,0x0000006a3c700000)]
  0x00000263e3735e80 JavaThread "File lock release action executor" [_thread_blocked, id=15908, stack(0x0000006a3c200000,0x0000006a3c300000)]
  0x00000263e3730870 JavaThread "Cache worker for kotlin-dsl (C:\Users\Admin\.gradle\caches\8.0.1\kotlin-dsl)" [_thread_blocked, id=17660, stack(0x0000006a3c800000,0x0000006a3c900000)]
  0x00000263e3735460 JavaThread "Cache worker for dependencies-accessors (D:\WORKSPACE\PROJECTS\canadian-mortgage-calculator\android\.gradle\8.0.1\dependencies-accessors)" [_thread_blocked, id=6424, stack(0x0000006a3c900000,0x0000006a3ca00000)]
  0x00000263e37317a0 JavaThread "Cache worker for Build Output Cleanup Cache (D:\WORKSPACE\PROJECTS\canadian-mortgage-calculator\node_modules\@react-native\gradle-plugin\.gradle\buildOutputCleanup)" [_thread_blocked, id=5280, stack(0x0000006a3ca00000,0x0000006a3cb00000)]
  0x00000263e3736390 JavaThread "Unconstrained build operations" [_thread_blocked, id=8660, stack(0x0000006a3cb00000,0x0000006a3cc00000)]
  0x00000263e372ef20 JavaThread "Unconstrained build operations Thread 2" [_thread_blocked, id=2792, stack(0x0000006a3cc00000,0x0000006a3cd00000)]
  0x00000263e3731290 JavaThread "Unconstrained build operations Thread 3" [_thread_blocked, id=15884, stack(0x0000006a3cd00000,0x0000006a3ce00000)]
  0x00000263e37368a0 JavaThread "Unconstrained build operations Thread 4" [_thread_blocked, id=10776, stack(0x0000006a3ce00000,0x0000006a3cf00000)]
  0x00000263e372f430 JavaThread "Unconstrained build operations Thread 5" [_thread_blocked, id=8328, stack(0x0000006a3cf00000,0x0000006a3d000000)]
  0x00000263e37321c0 JavaThread "Unconstrained build operations Thread 6" [_thread_blocked, id=11100, stack(0x0000006a3d000000,0x0000006a3d100000)]
  0x00000263e4690d10 JavaThread "Unconstrained build operations Thread 7" [_thread_blocked, id=912, stack(0x0000006a3d100000,0x0000006a3d200000)]
  0x00000263e4693590 JavaThread "Unconstrained build operations Thread 8" [_thread_blocked, id=9908, stack(0x0000006a3d200000,0x0000006a3d300000)]
  0x00000263e468e490 JavaThread "Unconstrained build operations Thread 9" [_thread_blocked, id=8236, stack(0x0000006a3d300000,0x0000006a3d400000)]
  0x00000263e468e9a0 JavaThread "Unconstrained build operations Thread 10" [_thread_blocked, id=15168, stack(0x0000006a3d400000,0x0000006a3d500000)]
  0x00000263e46944c0 JavaThread "Unconstrained build operations Thread 11" [_thread_blocked, id=14964, stack(0x0000006a3d500000,0x0000006a3d600000)]
  0x00000263e4693080 JavaThread "Unconstrained build operations Thread 12" [_thread_blocked, id=5852, stack(0x0000006a3d600000,0x0000006a3d700000)]
  0x00000263e468f8d0 JavaThread "Unconstrained build operations Thread 13" [_thread_blocked, id=6872, stack(0x0000006a3d700000,0x0000006a3d800000)]
  0x00000263e4693aa0 JavaThread "Unconstrained build operations Thread 14" [_thread_blocked, id=10316, stack(0x0000006a3d800000,0x0000006a3d900000)]
  0x00000263e4692660 JavaThread "Unconstrained build operations Thread 15" [_thread_blocked, id=10540, stack(0x0000006a3d900000,0x0000006a3da00000)]
  0x00000263e468fde0 JavaThread "Unconstrained build operations Thread 16" [_thread_blocked, id=5124, stack(0x0000006a3da00000,0x0000006a3db00000)]
  0x00000263e4693fb0 JavaThread "Unconstrained build operations Thread 17" [_thread_blocked, id=16412, stack(0x0000006a3db00000,0x0000006a3dc00000)]
  0x00000263e468da70 JavaThread "Unconstrained build operations Thread 18" [_thread_blocked, id=13480, stack(0x0000006a3dc00000,0x0000006a3dd00000)]
  0x00000263e4692150 JavaThread "Unconstrained build operations Thread 19" [_thread_blocked, id=8372, stack(0x0000006a3dd00000,0x0000006a3de00000)]
  0x00000263e468df80 JavaThread "Unconstrained build operations Thread 20" [_thread_blocked, id=9852, stack(0x0000006a3de00000,0x0000006a3df00000)]
  0x00000263e468d050 JavaThread "Unconstrained build operations Thread 21" [_thread_blocked, id=5256, stack(0x0000006a3df00000,0x0000006a3e000000)]
  0x00000263e4692b70 JavaThread "Unconstrained build operations Thread 22" [_thread_blocked, id=5696, stack(0x0000006a3e000000,0x0000006a3e100000)]
  0x00000263e4691220 JavaThread "Unconstrained build operations Thread 23" [_thread_blocked, id=15948, stack(0x0000006a3e100000,0x0000006a3e200000)]
  0x00000263e46949d0 JavaThread "Unconstrained build operations Thread 24" [_thread_blocked, id=12324, stack(0x0000006a3e200000,0x0000006a3e300000)]
  0x00000263e46902f0 JavaThread "Unconstrained build operations Thread 25" [_thread_blocked, id=10376, stack(0x0000006a3e300000,0x0000006a3e400000)]
  0x00000263e468d560 JavaThread "Unconstrained build operations Thread 26" [_thread_blocked, id=5100, stack(0x0000006a3e400000,0x0000006a3e500000)]
  0x00000263e468f3c0 JavaThread "Memory manager" [_thread_blocked, id=14568, stack(0x0000006a3e500000,0x0000006a3e600000)]
  0x00000263e4691730 JavaThread "Cache worker for Build Output Cleanup Cache (D:\WORKSPACE\PROJECTS\canadian-mortgage-calculator\android\.gradle\buildOutputCleanup)" [_thread_blocked, id=5900, stack(0x0000006a3e600000,0x0000006a3e700000)]
  0x00000263e2edc480 JavaThread "included builds" [_thread_blocked, id=2516, stack(0x0000006a3e700000,0x0000006a3e800000)]
  0x00000263e2edb550 JavaThread "Execution worker" [_thread_blocked, id=10292, stack(0x0000006a3e800000,0x0000006a3e900000)]
  0x00000263e2edba60 JavaThread "Execution worker Thread 2" [_thread_blocked, id=12596, stack(0x0000006a3e900000,0x0000006a3ea00000)]
  0x00000263e2edd8c0 JavaThread "Execution worker Thread 3" [_thread_blocked, id=2984, stack(0x0000006a3ea00000,0x0000006a3eb00000)]
  0x00000263e2edc990 JavaThread "Cache worker for execution history cache (D:\WORKSPACE\PROJECTS\canadian-mortgage-calculator\node_modules\@react-native\gradle-plugin\.gradle\8.0.1\executionHistory)" [_thread_blocked, id=13272, stack(0x0000006a3eb00000,0x0000006a3ec00000)]
  0x00000263e2edddd0 JavaThread "Unconstrained build operations Thread 27" [_thread_blocked, id=14240, stack(0x0000006a3ec00000,0x0000006a3ed00000)]
  0x00000263e2edbf70 JavaThread "Unconstrained build operations Thread 28" [_thread_blocked, id=15656, stack(0x0000006a3ed00000,0x0000006a3ee00000)]
  0x00000263e2edd3b0 JavaThread "Unconstrained build operations Thread 29" [_thread_blocked, id=10668, stack(0x0000006a3ee00000,0x0000006a3ef00000)]
  0x00000263e2ede2e0 JavaThread "Unconstrained build operations Thread 30" [_thread_blocked, id=15572, stack(0x0000006a3ef00000,0x0000006a3f000000)]
  0x00000263e2ede7f0 JavaThread "Unconstrained build operations Thread 31" [_thread_blocked, id=17668, stack(0x0000006a3f000000,0x0000006a3f100000)]
  0x00000263e2af3240 JavaThread "Unconstrained build operations Thread 32" [_thread_blocked, id=13132, stack(0x0000006a3f100000,0x0000006a3f200000)]
  0x00000263e2af2820 JavaThread "Unconstrained build operations Thread 33" [_thread_blocked, id=12928, stack(0x0000006a3f200000,0x0000006a3f300000)]
  0x00000263e2af09c0 JavaThread "Unconstrained build operations Thread 34" [_thread_blocked, id=7000, stack(0x0000006a3f300000,0x0000006a3f400000)]
  0x00000263e2af2d30 JavaThread "Unconstrained build operations Thread 35" [_thread_blocked, id=7524, stack(0x0000006a3f400000,0x0000006a3f500000)]
  0x00000263e2af0ed0 JavaThread "Unconstrained build operations Thread 36" [_thread_blocked, id=14188, stack(0x0000006a3f500000,0x0000006a3f600000)]
  0x00000263e2aefa90 JavaThread "Unconstrained build operations Thread 37" [_thread_blocked, id=11776, stack(0x0000006a3f600000,0x0000006a3f700000)]
  0x00000263e2aeffa0 JavaThread "Unconstrained build operations Thread 38" [_thread_blocked, id=10344, stack(0x0000006a3f700000,0x0000006a3f800000)]
  0x00000263e2af04b0 JavaThread "Unconstrained build operations Thread 39" [_thread_blocked, id=11104, stack(0x0000006a3f800000,0x0000006a3f900000)]
  0x00000263e2af1e00 JavaThread "Unconstrained build operations Thread 40" [_thread_blocked, id=4676, stack(0x0000006a3f900000,0x0000006a3fa00000)]
  0x00000263e14f7b00 JavaThread "C2 CompilerThread1" daemon [_thread_blocked, id=7308, stack(0x0000006a3fb00000,0x0000006a3fc00000)]
  0x00000263e77fd810 JavaThread "Exec process" [_thread_blocked, id=8592, stack(0x0000006a3fc00000,0x0000006a3fd00000)]
  0x00000263e78005a0 JavaThread "Exec process Thread 2" [_thread_blocked, id=16580, stack(0x0000006a3fd00000,0x0000006a3fe00000)]
  0x00000263e77fb4a0 JavaThread "Exec process Thread 3" [_thread_blocked, id=18060, stack(0x0000006a3fe00000,0x0000006a3ff00000)]
  0x00000263e77fa570 JavaThread "pool-3-thread-1" [_thread_blocked, id=11948, stack(0x0000006a3ff00000,0x0000006a40000000)]
  0x00000263e7800ab0 JavaThread "build event listener" [_thread_blocked, id=2908, stack(0x0000006a40000000,0x0000006a40100000)]
  0x00000263e77faa80 JavaThread "Cache worker for execution history cache (D:\WORKSPACE\PROJECTS\canadian-mortgage-calculator\android\.gradle\8.0.1\executionHistory)" [_thread_blocked, id=17456, stack(0x0000006a40100000,0x0000006a40200000)]

Other Threads:
=>0x00000263c1833f90 VMThread "VM Thread" [stack: 0x0000006a39b00000,0x0000006a39c00000] [id=5060]
  0x00000263c1aa7de0 WatcherThread [stack: 0x0000006a3a800000,0x0000006a3a900000] [id=17488]
  0x00000263a2008890 GCTaskThread "GC Thread#0" [stack: 0x0000006a39600000,0x0000006a39700000] [id=11140]
  0x00000263e150e540 GCTaskThread "GC Thread#1" [stack: 0x0000006a3aa00000,0x0000006a3ab00000] [id=2824]
  0x00000263e11218a0 GCTaskThread "GC Thread#2" [stack: 0x0000006a3ab00000,0x0000006a3ac00000] [id=13520]
  0x00000263e2025440 GCTaskThread "GC Thread#3" [stack: 0x0000006a3ac00000,0x0000006a3ad00000] [id=1540]
  0x00000263a20196f0 ConcurrentGCThread "G1 Main Marker" [stack: 0x0000006a39700000,0x0000006a39800000] [id=2832]
  0x00000263a201a7b0 ConcurrentGCThread "G1 Conc#0" [stack: 0x0000006a39800000,0x0000006a39900000] [id=9296]
  0x00000263a2071790 ConcurrentGCThread "G1 Refine#0" [stack: 0x0000006a39900000,0x0000006a39a00000] [id=15676]
  0x00000263e2f34640 ConcurrentGCThread "G1 Refine#1" [stack: 0x0000006a3c100000,0x0000006a3c200000] [id=3132]
  0x00000263c1700090 ConcurrentGCThread "G1 Service" [stack: 0x0000006a39a00000,0x0000006a39b00000] [id=13136]

Threads with active compile tasks:
C2 CompilerThread0    45750 14144       4       org.gradle.util.Path::createFullPath (68 bytes)
C2 CompilerThread1    45750 14116       4       com.google.common.reflect.TypeResolver$TypeMappingIntrospector::visitClass (24 bytes)

VM state: at safepoint (normal execution)

VM Mutex/Monitor currently owned by a thread:  ([mutex/lock_event])
[0x00000263a1fa8ba0] Threads_lock - owner thread: 0x00000263c1833f90
[0x00000263a1fa9800] Heap_lock - owner thread: 0x00000263e2edd8c0

Heap address: 0x0000000080000000, size: 2048 MB, Compressed Oops mode: 32-bit

CDS archive(s) mapped at: [0x00000263c2000000-0x00000263c2bd0000-0x00000263c2bd0000), size 12386304, SharedBaseAddress: 0x00000263c2000000, ArchiveRelocationMode: 1.
Compressed class space mapped at: 0x00000263c3000000-0x00000263dd000000, reserved size: 436207616
Narrow klass base: 0x00000263c2000000, Narrow klass shift: 0, Narrow klass range: 0x100000000

GC Precious Log:
 CPUs: 4 total, 4 available
 Memory: 7247M
 Large Page Support: Disabled
 NUMA Support: Disabled
 Compressed Oops: Enabled (32-bit)
 Heap Region Size: 1M
 Heap Min Capacity: 8M
 Heap Initial Capacity: 114M
 Heap Max Capacity: 2G
 Pre-touch: Disabled
 Parallel Workers: 4
 Concurrent Workers: 1
 Concurrent Refinement Workers: 4
 Periodic GC: Disabled

Heap:
 garbage-first heap   total 296960K, used 200980K [0x0000000080000000, 0x0000000100000000)
  region size 1024K, 7 young (7168K), 7 survivors (7168K)
 Metaspace       used 98646K, committed 99904K, reserved 557056K
  class space    used 13576K, committed 14144K, reserved 425984K

Heap Regions: E=young(eden), S=young(survivor), O=old, HS=humongous(starts), HC=humongous(continues), CS=collection set, F=free, OA=open archive, CA=closed archive, TAMS=top-at-mark-start (previous, next)
|   0|0x0000000080000000, 0x0000000080100000, 0x0000000080100000|100%| O|  |TAMS 0x0000000080100000, 0x0000000080000000| Untracked 
|   1|0x0000000080100000, 0x0000000080200000, 0x0000000080200000|100%| O|  |TAMS 0x0000000080200000, 0x0000000080100000| Untracked 
|   2|0x0000000080200000, 0x0000000080300000, 0x0000000080300000|100%|HS|  |TAMS 0x0000000080300000, 0x0000000080200000| Complete 
|   3|0x0000000080300000, 0x0000000080400000, 0x0000000080400000|100%|HC|  |TAMS 0x0000000080400000, 0x0000000080300000| Complete 
|   4|0x0000000080400000, 0x0000000080500000, 0x0000000080500000|100%|HC|  |TAMS 0x0000000080500000, 0x0000000080400000| Complete 
|   5|0x0000000080500000, 0x0000000080600000, 0x0000000080600000|100%|HC|  |TAMS 0x0000000080600000, 0x0000000080500000| Complete 
|   6|0x0000000080600000, 0x0000000080700000, 0x0000000080700000|100%| O|  |TAMS 0x0000000080700000, 0x0000000080600000| Untracked 
|   7|0x0000000080700000, 0x0000000080800000, 0x0000000080800000|100%| O|  |TAMS 0x0000000080800000, 0x0000000080700000| Untracked 
|   8|0x0000000080800000, 0x0000000080900000, 0x0000000080900000|100%| O|  |TAMS 0x0000000080900000, 0x0000000080800000| Untracked 
|   9|0x0000000080900000, 0x0000000080a00000, 0x0000000080a00000|100%| O|  |TAMS 0x0000000080a00000, 0x0000000080900000| Untracked 
|  10|0x0000000080a00000, 0x0000000080b00000, 0x0000000080b00000|100%| O|  |TAMS 0x0000000080b00000, 0x0000000080a00000| Untracked 
|  11|0x0000000080b00000, 0x0000000080c00000, 0x0000000080c00000|100%| O|  |TAMS 0x0000000080c00000, 0x0000000080b00000| Untracked 
|  12|0x0000000080c00000, 0x0000000080d00000, 0x0000000080d00000|100%| O|  |TAMS 0x0000000080d00000, 0x0000000080c00000| Untracked 
|  13|0x0000000080d00000, 0x0000000080e00000, 0x0000000080e00000|100%| O|  |TAMS 0x0000000080e00000, 0x0000000080d00000| Untracked 
|  14|0x0000000080e00000, 0x0000000080f00000, 0x0000000080f00000|100%| O|  |TAMS 0x0000000080f00000, 0x0000000080e00000| Untracked 
|  15|0x0000000080f00000, 0x0000000081000000, 0x0000000081000000|100%| O|  |TAMS 0x0000000081000000, 0x0000000080f00000| Untracked 
|  16|0x0000000081000000, 0x0000000081100000, 0x0000000081100000|100%| O|  |TAMS 0x0000000081100000, 0x0000000081000000| Untracked 
|  17|0x0000000081100000, 0x0000000081200000, 0x0000000081200000|100%| O|  |TAMS 0x0000000081200000, 0x0000000081100000| Untracked 
|  18|0x0000000081200000, 0x0000000081300000, 0x0000000081300000|100%| O|  |TAMS 0x0000000081300000, 0x0000000081200000| Untracked 
|  19|0x0000000081300000, 0x00000000813bc000, 0x0000000081400000| 73%| O|  |TAMS 0x00000000813bc000, 0x0000000081300000| Untracked 
|  20|0x0000000081400000, 0x0000000081500000, 0x0000000081500000|100%| O|  |TAMS 0x0000000081500000, 0x0000000081400000| Untracked 
|  21|0x0000000081500000, 0x0000000081600000, 0x0000000081600000|100%| O|  |TAMS 0x0000000081600000, 0x0000000081500000| Untracked 
|  22|0x0000000081600000, 0x0000000081700000, 0x0000000081700000|100%| O|  |TAMS 0x0000000081700000, 0x0000000081600000| Untracked 
|  23|0x0000000081700000, 0x0000000081800000, 0x0000000081800000|100%| O|  |TAMS 0x0000000081800000, 0x0000000081700000| Untracked 
|  24|0x0000000081800000, 0x0000000081900000, 0x0000000081900000|100%| O|  |TAMS 0x0000000081900000, 0x0000000081800000| Untracked 
|  25|0x0000000081900000, 0x0000000081a00000, 0x0000000081a00000|100%| O|  |TAMS 0x0000000081a00000, 0x0000000081900000| Untracked 
|  26|0x0000000081a00000, 0x0000000081b00000, 0x0000000081b00000|100%| O|  |TAMS 0x0000000081b00000, 0x0000000081a00000| Untracked 
|  27|0x0000000081b00000, 0x0000000081c00000, 0x0000000081c00000|100%| O|  |TAMS 0x0000000081c00000, 0x0000000081b00000| Untracked 
|  28|0x0000000081c00000, 0x0000000081d00000, 0x0000000081d00000|100%|HS|  |TAMS 0x0000000081c00000, 0x0000000081c00000| Complete 
|  29|0x0000000081d00000, 0x0000000081e00000, 0x0000000081e00000|100%| O|  |TAMS 0x0000000081e00000, 0x0000000081d00000| Untracked 
|  30|0x0000000081e00000, 0x0000000081f00000, 0x0000000081f00000|100%|HS|  |TAMS 0x0000000081f00000, 0x0000000081e00000| Complete 
|  31|0x0000000081f00000, 0x0000000082000000, 0x0000000082000000|100%|HC|  |TAMS 0x0000000082000000, 0x0000000081f00000| Complete 
|  32|0x0000000082000000, 0x0000000082100000, 0x0000000082100000|100%| O|  |TAMS 0x0000000082100000, 0x0000000082000000| Untracked 
|  33|0x0000000082100000, 0x0000000082200000, 0x0000000082200000|100%| O|  |TAMS 0x0000000082200000, 0x0000000082100000| Untracked 
|  34|0x0000000082200000, 0x0000000082300000, 0x0000000082300000|100%| O|  |TAMS 0x0000000082300000, 0x0000000082200000| Untracked 
|  35|0x0000000082300000, 0x0000000082400000, 0x0000000082400000|100%| O|  |TAMS 0x0000000082400000, 0x0000000082300000| Untracked 
|  36|0x0000000082400000, 0x0000000082500000, 0x0000000082500000|100%| O|  |TAMS 0x0000000082500000, 0x0000000082400000| Untracked 
|  37|0x0000000082500000, 0x0000000082600000, 0x0000000082600000|100%|HS|  |TAMS 0x0000000082600000, 0x0000000082500000| Complete 
|  38|0x0000000082600000, 0x0000000082700000, 0x0000000082700000|100%|HC|  |TAMS 0x0000000082700000, 0x0000000082600000| Complete 
|  39|0x0000000082700000, 0x0000000082800000, 0x0000000082800000|100%|HC|  |TAMS 0x0000000082800000, 0x0000000082700000| Complete 
|  40|0x0000000082800000, 0x0000000082900000, 0x0000000082900000|100%|HC|  |TAMS 0x0000000082900000, 0x0000000082800000| Complete 
|  41|0x0000000082900000, 0x0000000082a00000, 0x0000000082a00000|100%| O|  |TAMS 0x0000000082a00000, 0x0000000082900000| Untracked 
|  42|0x0000000082a00000, 0x0000000082b00000, 0x0000000082b00000|100%| O|  |TAMS 0x0000000082b00000, 0x0000000082a00000| Untracked 
|  43|0x0000000082b00000, 0x0000000082c00000, 0x0000000082c00000|100%| O|  |TAMS 0x0000000082c00000, 0x0000000082b00000| Untracked 
|  44|0x0000000082c00000, 0x0000000082d00000, 0x0000000082d00000|100%| O|  |TAMS 0x0000000082d00000, 0x0000000082c00000| Untracked 
|  45|0x0000000082d00000, 0x0000000082e00000, 0x0000000082e00000|100%| O|  |TAMS 0x0000000082e00000, 0x0000000082d00000| Untracked 
|  46|0x0000000082e00000, 0x0000000082f00000, 0x0000000082f00000|100%| O|  |TAMS 0x0000000082f00000, 0x0000000082e00000| Untracked 
|  47|0x0000000082f00000, 0x0000000083000000, 0x0000000083000000|100%| O|  |TAMS 0x0000000083000000, 0x0000000082f00000| Untracked 
|  48|0x0000000083000000, 0x0000000083100000, 0x0000000083100000|100%| O|  |TAMS 0x0000000083100000, 0x0000000083000000| Untracked 
|  49|0x0000000083100000, 0x0000000083200000, 0x0000000083200000|100%| O|  |TAMS 0x0000000083200000, 0x0000000083100000| Untracked 
|  50|0x0000000083200000, 0x0000000083300000, 0x0000000083300000|100%| O|  |TAMS 0x0000000083300000, 0x0000000083200000| Untracked 
|  51|0x0000000083300000, 0x0000000083400000, 0x0000000083400000|100%| O|  |TAMS 0x0000000083400000, 0x0000000083300000| Untracked 
|  52|0x0000000083400000, 0x0000000083500000, 0x0000000083500000|100%| O|  |TAMS 0x0000000083500000, 0x0000000083400000| Untracked 
|  53|0x0000000083500000, 0x0000000083600000, 0x0000000083600000|100%| O|  |TAMS 0x0000000083600000, 0x0000000083500000| Untracked 
|  54|0x0000000083600000, 0x0000000083700000, 0x0000000083700000|100%| O|  |TAMS 0x0000000083700000, 0x0000000083600000| Untracked 
|  55|0x0000000083700000, 0x0000000083800000, 0x0000000083800000|100%| O|  |TAMS 0x0000000083800000, 0x0000000083700000| Untracked 
|  56|0x0000000083800000, 0x0000000083900000, 0x0000000083900000|100%| O|  |TAMS 0x0000000083900000, 0x0000000083800000| Untracked 
|  57|0x0000000083900000, 0x0000000083a00000, 0x0000000083a00000|100%| O|  |TAMS 0x0000000083a00000, 0x0000000083900000| Untracked 
|  58|0x0000000083a00000, 0x0000000083b00000, 0x0000000083b00000|100%| O|  |TAMS 0x0000000083b00000, 0x0000000083a00000| Untracked 
|  59|0x0000000083b00000, 0x0000000083c00000, 0x0000000083c00000|100%|HS|  |TAMS 0x0000000083b00000, 0x0000000083b00000| Complete 
|  60|0x0000000083c00000, 0x0000000083d00000, 0x0000000083d00000|100%| O|  |TAMS 0x0000000083d00000, 0x0000000083c00000| Untracked 
|  61|0x0000000083d00000, 0x0000000083e00000, 0x0000000083e00000|100%|HS|  |TAMS 0x0000000083e00000, 0x0000000083d00000| Complete 
|  62|0x0000000083e00000, 0x0000000083f00000, 0x0000000083f00000|100%|HS|  |TAMS 0x0000000083f00000, 0x0000000083e00000| Complete 
|  63|0x0000000083f00000, 0x0000000084000000, 0x0000000084000000|100%| O|  |TAMS 0x0000000083f00000, 0x0000000083f00000| Untracked 
|  64|0x0000000084000000, 0x0000000084100000, 0x0000000084100000|100%| O|  |TAMS 0x0000000084100000, 0x0000000084000000| Untracked 
|  65|0x0000000084100000, 0x0000000084200000, 0x0000000084200000|100%| O|  |TAMS 0x0000000084200000, 0x0000000084100000| Untracked 
|  66|0x0000000084200000, 0x0000000084300000, 0x0000000084300000|100%| O|  |TAMS 0x0000000084300000, 0x0000000084200000| Untracked 
|  67|0x0000000084300000, 0x0000000084400000, 0x0000000084400000|100%| O|  |TAMS 0x0000000084400000, 0x0000000084300000| Untracked 
|  68|0x0000000084400000, 0x0000000084500000, 0x0000000084500000|100%| O|  |TAMS 0x0000000084500000, 0x0000000084400000| Untracked 
|  69|0x0000000084500000, 0x0000000084600000, 0x0000000084600000|100%| O|  |TAMS 0x0000000084600000, 0x0000000084500000| Untracked 
|  70|0x0000000084600000, 0x0000000084700000, 0x0000000084700000|100%| O|  |TAMS 0x0000000084700000, 0x0000000084600000| Untracked 
|  71|0x0000000084700000, 0x0000000084800000, 0x0000000084800000|100%| O|  |TAMS 0x0000000084800000, 0x0000000084700000| Untracked 
|  72|0x0000000084800000, 0x0000000084900000, 0x0000000084900000|100%| O|  |TAMS 0x0000000084900000, 0x0000000084800000| Untracked 
|  73|0x0000000084900000, 0x0000000084a00000, 0x0000000084a00000|100%| O|  |TAMS 0x0000000084a00000, 0x0000000084900000| Untracked 
|  74|0x0000000084a00000, 0x0000000084b00000, 0x0000000084b00000|100%| O|  |TAMS 0x0000000084b00000, 0x0000000084a00000| Untracked 
|  75|0x0000000084b00000, 0x0000000084c00000, 0x0000000084c00000|100%| O|  |TAMS 0x0000000084c00000, 0x0000000084b00000| Untracked 
|  76|0x0000000084c00000, 0x0000000084d00000, 0x0000000084d00000|100%| O|  |TAMS 0x0000000084d00000, 0x0000000084c00000| Untracked 
|  77|0x0000000084d00000, 0x0000000084dee000, 0x0000000084e00000| 92%| O|  |TAMS 0x0000000084dee000, 0x0000000084d00000| Untracked 
|  78|0x0000000084e00000, 0x0000000084f00000, 0x0000000084f00000|100%|HS|  |TAMS 0x0000000084e00000, 0x0000000084e00000| Complete 
|  79|0x0000000084f00000, 0x0000000085000000, 0x0000000085000000|100%|HC|  |TAMS 0x0000000084f00000, 0x0000000084f00000| Complete 
|  80|0x0000000085000000, 0x0000000085100000, 0x0000000085100000|100%|HS|  |TAMS 0x0000000085000000, 0x0000000085000000| Complete 
|  81|0x0000000085100000, 0x0000000085200000, 0x0000000085200000|100%|HC|  |TAMS 0x0000000085100000, 0x0000000085100000| Complete 
|  82|0x0000000085200000, 0x0000000085300000, 0x0000000085300000|100%|HC|  |TAMS 0x0000000085200000, 0x0000000085200000| Complete 
|  83|0x0000000085300000, 0x0000000085400000, 0x0000000085400000|100%|HC|  |TAMS 0x0000000085300000, 0x0000000085300000| Complete 
|  84|0x0000000085400000, 0x0000000085500000, 0x0000000085500000|100%| O|  |TAMS 0x0000000085400000, 0x0000000085400000| Untracked 
|  85|0x0000000085500000, 0x0000000085600000, 0x0000000085600000|100%| O|  |TAMS 0x0000000085500000, 0x0000000085500000| Untracked 
|  86|0x0000000085600000, 0x0000000085700000, 0x0000000085700000|100%| O|  |TAMS 0x0000000085600000, 0x0000000085600000| Untracked 
|  87|0x0000000085700000, 0x0000000085800000, 0x0000000085800000|100%| O|  |TAMS 0x0000000085700000, 0x0000000085700000| Untracked 
|  88|0x0000000085800000, 0x0000000085900000, 0x0000000085900000|100%| O|  |TAMS 0x0000000085800000, 0x0000000085800000| Untracked 
|  89|0x0000000085900000, 0x0000000085a00000, 0x0000000085a00000|100%| O|  |TAMS 0x0000000085900000, 0x0000000085900000| Untracked 
|  90|0x0000000085a00000, 0x0000000085b00000, 0x0000000085b00000|100%| O|  |TAMS 0x0000000085a00000, 0x0000000085a00000| Untracked 
|  91|0x0000000085b00000, 0x0000000085c00000, 0x0000000085c00000|100%| O|  |TAMS 0x0000000085b00000, 0x0000000085b00000| Untracked 
|  92|0x0000000085c00000, 0x0000000085d00000, 0x0000000085d00000|100%| O|  |TAMS 0x0000000085c00000, 0x0000000085c00000| Untracked 
|  93|0x0000000085d00000, 0x0000000085e00000, 0x0000000085e00000|100%| O|  |TAMS 0x0000000085d00000, 0x0000000085d00000| Untracked 
|  94|0x0000000085e00000, 0x0000000085f00000, 0x0000000085f00000|100%| O|  |TAMS 0x0000000085e00000, 0x0000000085e00000| Untracked 
|  95|0x0000000085f00000, 0x0000000086000000, 0x0000000086000000|100%| O|  |TAMS 0x0000000085f00000, 0x0000000085f00000| Untracked 
|  96|0x0000000086000000, 0x0000000086100000, 0x0000000086100000|100%| O|  |TAMS 0x0000000086000000, 0x0000000086000000| Untracked 
|  97|0x0000000086100000, 0x0000000086200000, 0x0000000086200000|100%| O|  |TAMS 0x0000000086100000, 0x0000000086100000| Untracked 
|  98|0x0000000086200000, 0x0000000086300000, 0x0000000086300000|100%| O|  |TAMS 0x0000000086200000, 0x0000000086200000| Untracked 
|  99|0x0000000086300000, 0x0000000086400000, 0x0000000086400000|100%| O|  |TAMS 0x0000000086300000, 0x0000000086300000| Untracked 
| 100|0x0000000086400000, 0x0000000086500000, 0x0000000086500000|100%|HS|  |TAMS 0x0000000086400000, 0x0000000086400000| Complete 
| 101|0x0000000086500000, 0x0000000086600000, 0x0000000086600000|100%|HC|  |TAMS 0x0000000086500000, 0x0000000086500000| Complete 
| 102|0x0000000086600000, 0x0000000086700000, 0x0000000086700000|100%|HS|  |TAMS 0x0000000086600000, 0x0000000086600000| Complete 
| 103|0x0000000086700000, 0x0000000086800000, 0x0000000086800000|100%|HC|  |TAMS 0x0000000086700000, 0x0000000086700000| Complete 
| 104|0x0000000086800000, 0x0000000086900000, 0x0000000086900000|100%|HS|  |TAMS 0x0000000086800000, 0x0000000086800000| Complete 
| 105|0x0000000086900000, 0x0000000086a00000, 0x0000000086a00000|100%|HC|  |TAMS 0x0000000086900000, 0x0000000086900000| Complete 
| 106|0x0000000086a00000, 0x0000000086b00000, 0x0000000086b00000|100%| O|  |TAMS 0x0000000086a00000, 0x0000000086a00000| Untracked 
| 107|0x0000000086b00000, 0x0000000086c00000, 0x0000000086c00000|100%| O|  |TAMS 0x0000000086b00000, 0x0000000086b00000| Untracked 
| 108|0x0000000086c00000, 0x0000000086d00000, 0x0000000086d00000|100%| O|  |TAMS 0x0000000086c00000, 0x0000000086c00000| Untracked 
| 109|0x0000000086d00000, 0x0000000086e00000, 0x0000000086e00000|100%| O|  |TAMS 0x0000000086d00000, 0x0000000086d00000| Untracked 
| 110|0x0000000086e00000, 0x0000000086f00000, 0x0000000086f00000|100%| O|  |TAMS 0x0000000086e00000, 0x0000000086e00000| Untracked 
| 111|0x0000000086f00000, 0x0000000087000000, 0x0000000087000000|100%| O|  |TAMS 0x0000000086f00000, 0x0000000086f00000| Untracked 
| 112|0x0000000087000000, 0x0000000087100000, 0x0000000087100000|100%| O|  |TAMS 0x0000000087000000, 0x0000000087000000| Untracked 
| 113|0x0000000087100000, 0x0000000087200000, 0x0000000087200000|100%| O|  |TAMS 0x0000000087100000, 0x0000000087100000| Untracked 
| 114|0x0000000087200000, 0x0000000087300000, 0x0000000087300000|100%| O|  |TAMS 0x0000000087200000, 0x0000000087200000| Untracked 
| 115|0x0000000087300000, 0x0000000087400000, 0x0000000087400000|100%| O|  |TAMS 0x0000000087300000, 0x0000000087300000| Untracked 
| 116|0x0000000087400000, 0x0000000087500000, 0x0000000087500000|100%|HS|  |TAMS 0x0000000087400000, 0x0000000087400000| Complete 
| 117|0x0000000087500000, 0x0000000087600000, 0x0000000087600000|100%|HS|  |TAMS 0x0000000087500000, 0x0000000087500000| Complete 
| 118|0x0000000087600000, 0x0000000087700000, 0x0000000087700000|100%|HS|  |TAMS 0x0000000087600000, 0x0000000087600000| Complete 
| 119|0x0000000087700000, 0x0000000087800000, 0x0000000087800000|100%|HS|  |TAMS 0x0000000087700000, 0x0000000087700000| Complete 
| 120|0x0000000087800000, 0x0000000087900000, 0x0000000087900000|100%|HC|  |TAMS 0x0000000087800000, 0x0000000087800000| Complete 
| 121|0x0000000087900000, 0x0000000087a00000, 0x0000000087a00000|100%|HC|  |TAMS 0x0000000087900000, 0x0000000087900000| Complete 
| 122|0x0000000087a00000, 0x0000000087b00000, 0x0000000087b00000|100%|HS|  |TAMS 0x0000000087a00000, 0x0000000087a00000| Complete 
| 123|0x0000000087b00000, 0x0000000087c00000, 0x0000000087c00000|100%|HS|  |TAMS 0x0000000087b00000, 0x0000000087b00000| Complete 
| 124|0x0000000087c00000, 0x0000000087d00000, 0x0000000087d00000|100%|HC|  |TAMS 0x0000000087c00000, 0x0000000087c00000| Complete 
| 125|0x0000000087d00000, 0x0000000087e00000, 0x0000000087e00000|100%|HS|  |TAMS 0x0000000087d00000, 0x0000000087d00000| Complete 
| 126|0x0000000087e00000, 0x0000000087f00000, 0x0000000087f00000|100%|HS|  |TAMS 0x0000000087e00000, 0x0000000087e00000| Complete 
| 127|0x0000000087f00000, 0x0000000088000000, 0x0000000088000000|100%|HC|  |TAMS 0x0000000087f00000, 0x0000000087f00000| Complete 
| 128|0x0000000088000000, 0x0000000088100000, 0x0000000088100000|100%|HC|  |TAMS 0x0000000088000000, 0x0000000088000000| Complete 
| 129|0x0000000088100000, 0x0000000088200000, 0x0000000088200000|100%|HC|  |TAMS 0x0000000088100000, 0x0000000088100000| Complete 
| 130|0x0000000088200000, 0x0000000088300000, 0x0000000088300000|100%| O|  |TAMS 0x0000000088200000, 0x0000000088200000| Untracked 
| 131|0x0000000088300000, 0x0000000088400000, 0x0000000088400000|100%| O|  |TAMS 0x0000000088300000, 0x0000000088300000| Untracked 
| 132|0x0000000088400000, 0x0000000088500000, 0x0000000088500000|100%| O|  |TAMS 0x0000000088400000, 0x0000000088400000| Untracked 
| 133|0x0000000088500000, 0x0000000088600000, 0x0000000088600000|100%| O|  |TAMS 0x0000000088500000, 0x0000000088500000| Untracked 
| 134|0x0000000088600000, 0x0000000088700000, 0x0000000088700000|100%| O|  |TAMS 0x0000000088600000, 0x0000000088600000| Untracked 
| 135|0x0000000088700000, 0x0000000088800000, 0x0000000088800000|100%| O|  |TAMS 0x0000000088700000, 0x0000000088700000| Untracked 
| 136|0x0000000088800000, 0x0000000088900000, 0x0000000088900000|100%| O|  |TAMS 0x0000000088800000, 0x0000000088800000| Untracked 
| 137|0x0000000088900000, 0x0000000088a00000, 0x0000000088a00000|100%| O|  |TAMS 0x0000000088900000, 0x0000000088900000| Untracked 
| 138|0x0000000088a00000, 0x0000000088b00000, 0x0000000088b00000|100%| O|  |TAMS 0x0000000088a00000, 0x0000000088a00000| Untracked 
| 139|0x0000000088b00000, 0x0000000088c00000, 0x0000000088c00000|100%| O|  |TAMS 0x0000000088b00000, 0x0000000088b00000| Untracked 
| 140|0x0000000088c00000, 0x0000000088d00000, 0x0000000088d00000|100%| O|  |TAMS 0x0000000088c00000, 0x0000000088c00000| Untracked 
| 141|0x0000000088d00000, 0x0000000088e00000, 0x0000000088e00000|100%| O|  |TAMS 0x0000000088d00000, 0x0000000088d00000| Untracked 
| 142|0x0000000088e00000, 0x0000000088f00000, 0x0000000088f00000|100%| O|  |TAMS 0x0000000088e00000, 0x0000000088e00000| Untracked 
| 143|0x0000000088f00000, 0x0000000089000000, 0x0000000089000000|100%| O|  |TAMS 0x0000000088f00000, 0x0000000088f00000| Untracked 
| 144|0x0000000089000000, 0x0000000089100000, 0x0000000089100000|100%| O|  |TAMS 0x0000000089000000, 0x0000000089000000| Untracked 
| 145|0x0000000089100000, 0x0000000089200000, 0x0000000089200000|100%| O|  |TAMS 0x0000000089100000, 0x0000000089100000| Untracked 
| 146|0x0000000089200000, 0x0000000089300000, 0x0000000089300000|100%| O|  |TAMS 0x0000000089200000, 0x0000000089200000| Untracked 
| 147|0x0000000089300000, 0x0000000089400000, 0x0000000089400000|100%| O|  |TAMS 0x0000000089300000, 0x0000000089300000| Untracked 
| 148|0x0000000089400000, 0x0000000089500000, 0x0000000089500000|100%|HS|  |TAMS 0x0000000089400000, 0x0000000089400000| Complete 
| 149|0x0000000089500000, 0x0000000089600000, 0x0000000089600000|100%| O|  |TAMS 0x0000000089500000, 0x0000000089500000| Untracked 
| 150|0x0000000089600000, 0x0000000089700000, 0x0000000089700000|100%| O|  |TAMS 0x0000000089600000, 0x0000000089600000| Untracked 
| 151|0x0000000089700000, 0x0000000089800000, 0x0000000089800000|100%| O|  |TAMS 0x0000000089700000, 0x0000000089700000| Untracked 
| 152|0x0000000089800000, 0x0000000089900000, 0x0000000089900000|100%| O|  |TAMS 0x0000000089800000, 0x0000000089800000| Untracked 
| 153|0x0000000089900000, 0x0000000089a00000, 0x0000000089a00000|100%| O|  |TAMS 0x0000000089900000, 0x0000000089900000| Untracked 
| 154|0x0000000089a00000, 0x0000000089b00000, 0x0000000089b00000|100%| O|  |TAMS 0x0000000089a00000, 0x0000000089a00000| Untracked 
| 155|0x0000000089b00000, 0x0000000089c00000, 0x0000000089c00000|100%| O|  |TAMS 0x0000000089b00000, 0x0000000089b00000| Untracked 
| 156|0x0000000089c00000, 0x0000000089d00000, 0x0000000089d00000|100%| O|  |TAMS 0x0000000089c00000, 0x0000000089c00000| Untracked 
| 157|0x0000000089d00000, 0x0000000089e00000, 0x0000000089e00000|100%| O|  |TAMS 0x0000000089d00000, 0x0000000089d00000| Untracked 
| 158|0x0000000089e00000, 0x0000000089f00000, 0x0000000089f00000|100%| O|  |TAMS 0x0000000089e00000, 0x0000000089e00000| Untracked 
| 159|0x0000000089f00000, 0x000000008a000000, 0x000000008a000000|100%| O|  |TAMS 0x0000000089f00000, 0x0000000089f00000| Untracked 
| 160|0x000000008a000000, 0x000000008a100000, 0x000000008a100000|100%| O|  |TAMS 0x000000008a000000, 0x000000008a000000| Untracked 
| 161|0x000000008a100000, 0x000000008a200000, 0x000000008a200000|100%| O|  |TAMS 0x000000008a100000, 0x000000008a100000| Untracked 
| 162|0x000000008a200000, 0x000000008a300000, 0x000000008a300000|100%| O|  |TAMS 0x000000008a200000, 0x000000008a200000| Untracked 
| 163|0x000000008a300000, 0x000000008a400000, 0x000000008a400000|100%| O|  |TAMS 0x000000008a300000, 0x000000008a300000| Untracked 
| 164|0x000000008a400000, 0x000000008a500000, 0x000000008a500000|100%| O|  |TAMS 0x000000008a400000, 0x000000008a400000| Untracked 
| 165|0x000000008a500000, 0x000000008a600000, 0x000000008a600000|100%| O|  |TAMS 0x000000008a500000, 0x000000008a500000| Untracked 
| 166|0x000000008a600000, 0x000000008a700000, 0x000000008a700000|100%| O|  |TAMS 0x000000008a600000, 0x000000008a600000| Untracked 
| 167|0x000000008a700000, 0x000000008a800000, 0x000000008a800000|100%| O|  |TAMS 0x000000008a700000, 0x000000008a700000| Untracked 
| 168|0x000000008a800000, 0x000000008a900000, 0x000000008a900000|100%| O|  |TAMS 0x000000008a800000, 0x000000008a800000| Untracked 
| 169|0x000000008a900000, 0x000000008aa00000, 0x000000008aa00000|100%| O|  |TAMS 0x000000008a900000, 0x000000008a900000| Untracked 
| 170|0x000000008aa00000, 0x000000008ab00000, 0x000000008ab00000|100%| O|  |TAMS 0x000000008aa00000, 0x000000008aa00000| Untracked 
| 171|0x000000008ab00000, 0x000000008ac00000, 0x000000008ac00000|100%| O|  |TAMS 0x000000008ab00000, 0x000000008ab00000| Untracked 
| 172|0x000000008ac00000, 0x000000008ad00000, 0x000000008ad00000|100%| O|  |TAMS 0x000000008ac00000, 0x000000008ac00000| Untracked 
| 173|0x000000008ad00000, 0x000000008ae00000, 0x000000008ae00000|100%| O|  |TAMS 0x000000008ad00000, 0x000000008ad00000| Untracked 
| 174|0x000000008ae00000, 0x000000008af00000, 0x000000008af00000|100%| O|  |TAMS 0x000000008ae00000, 0x000000008ae00000| Untracked 
| 175|0x000000008af00000, 0x000000008b000000, 0x000000008b000000|100%| O|  |TAMS 0x000000008af00000, 0x000000008af00000| Untracked 
| 176|0x000000008b000000, 0x000000008b100000, 0x000000008b100000|100%| O|  |TAMS 0x000000008b000000, 0x000000008b000000| Untracked 
| 177|0x000000008b100000, 0x000000008b200000, 0x000000008b200000|100%| O|  |TAMS 0x000000008b100000, 0x000000008b100000| Untracked 
| 178|0x000000008b200000, 0x000000008b300000, 0x000000008b300000|100%| O|  |TAMS 0x000000008b200000, 0x000000008b200000| Untracked 
| 179|0x000000008b300000, 0x000000008b400000, 0x000000008b400000|100%| O|  |TAMS 0x000000008b300000, 0x000000008b300000| Untracked 
| 180|0x000000008b400000, 0x000000008b500000, 0x000000008b500000|100%| O|  |TAMS 0x000000008b400000, 0x000000008b400000| Untracked 
| 181|0x000000008b500000, 0x000000008b600000, 0x000000008b600000|100%| O|  |TAMS 0x000000008b500000, 0x000000008b500000| Untracked 
| 182|0x000000008b600000, 0x000000008b700000, 0x000000008b700000|100%| O|  |TAMS 0x000000008b600000, 0x000000008b600000| Untracked 
| 183|0x000000008b700000, 0x000000008b800000, 0x000000008b800000|100%| O|  |TAMS 0x000000008b700000, 0x000000008b700000| Untracked 
| 184|0x000000008b800000, 0x000000008b900000, 0x000000008b900000|100%| O|  |TAMS 0x000000008b800000, 0x000000008b800000| Untracked 
| 185|0x000000008b900000, 0x000000008ba00000, 0x000000008ba00000|100%| O|  |TAMS 0x000000008b900000, 0x000000008b900000| Untracked 
| 186|0x000000008ba00000, 0x000000008bb00000, 0x000000008bb00000|100%| O|  |TAMS 0x000000008ba00000, 0x000000008ba00000| Untracked 
| 187|0x000000008bb00000, 0x000000008bc00000, 0x000000008bc00000|100%| O|  |TAMS 0x000000008bb00000, 0x000000008bb00000| Untracked 
| 188|0x000000008bc00000, 0x000000008bd00000, 0x000000008bd00000|100%| O|  |TAMS 0x000000008bc00000, 0x000000008bc00000| Untracked 
| 189|0x000000008bd00000, 0x000000008bd9b200, 0x000000008be00000| 60%| O|  |TAMS 0x000000008bd00000, 0x000000008bd00000| Untracked 
| 190|0x000000008be00000, 0x000000008be00000, 0x000000008bf00000|  0%| F|  |TAMS 0x000000008be00000, 0x000000008be00000| Untracked 
| 191|0x000000008bf00000, 0x000000008bf00000, 0x000000008c000000|  0%| F|  |TAMS 0x000000008bf00000, 0x000000008bf00000| Untracked 
| 192|0x000000008c000000, 0x000000008c000000, 0x000000008c100000|  0%| F|  |TAMS 0x000000008c000000, 0x000000008c000000| Untracked 
| 193|0x000000008c100000, 0x000000008c100000, 0x000000008c200000|  0%| F|  |TAMS 0x000000008c100000, 0x000000008c100000| Untracked 
| 194|0x000000008c200000, 0x000000008c200000, 0x000000008c300000|  0%| F|  |TAMS 0x000000008c200000, 0x000000008c200000| Untracked 
| 195|0x000000008c300000, 0x000000008c300000, 0x000000008c400000|  0%| F|  |TAMS 0x000000008c300000, 0x000000008c300000| Untracked 
| 196|0x000000008c400000, 0x000000008c400000, 0x000000008c500000|  0%| F|  |TAMS 0x000000008c400000, 0x000000008c400000| Untracked 
| 197|0x000000008c500000, 0x000000008c500000, 0x000000008c600000|  0%| F|  |TAMS 0x000000008c500000, 0x000000008c500000| Untracked 
| 198|0x000000008c600000, 0x000000008c600000, 0x000000008c700000|  0%| F|  |TAMS 0x000000008c600000, 0x000000008c600000| Untracked 
| 199|0x000000008c700000, 0x000000008c700000, 0x000000008c800000|  0%| F|  |TAMS 0x000000008c700000, 0x000000008c700000| Untracked 
| 200|0x000000008c800000, 0x000000008c800000, 0x000000008c900000|  0%| F|  |TAMS 0x000000008c800000, 0x000000008c800000| Untracked 
| 201|0x000000008c900000, 0x000000008c900000, 0x000000008ca00000|  0%| F|  |TAMS 0x000000008c900000, 0x000000008c900000| Untracked 
| 202|0x000000008ca00000, 0x000000008ca00000, 0x000000008cb00000|  0%| F|  |TAMS 0x000000008ca00000, 0x000000008ca00000| Untracked 
| 203|0x000000008cb00000, 0x000000008cb00000, 0x000000008cc00000|  0%| F|  |TAMS 0x000000008cb00000, 0x000000008cb00000| Untracked 
| 204|0x000000008cc00000, 0x000000008cc00000, 0x000000008cd00000|  0%| F|  |TAMS 0x000000008cc00000, 0x000000008cc00000| Untracked 
| 205|0x000000008cd00000, 0x000000008cd00000, 0x000000008ce00000|  0%| F|  |TAMS 0x000000008cd00000, 0x000000008cd00000| Untracked 
| 206|0x000000008ce00000, 0x000000008ce00000, 0x000000008cf00000|  0%| F|  |TAMS 0x000000008ce00000, 0x000000008ce00000| Untracked 
| 207|0x000000008cf00000, 0x000000008cf00000, 0x000000008d000000|  0%| F|  |TAMS 0x000000008cf00000, 0x000000008cf00000| Untracked 
| 208|0x000000008d000000, 0x000000008d000000, 0x000000008d100000|  0%| F|  |TAMS 0x000000008d000000, 0x000000008d000000| Untracked 
| 209|0x000000008d100000, 0x000000008d100000, 0x000000008d200000|  0%| F|  |TAMS 0x000000008d100000, 0x000000008d100000| Untracked 
| 210|0x000000008d200000, 0x000000008d200000, 0x000000008d300000|  0%| F|  |TAMS 0x000000008d200000, 0x000000008d200000| Untracked 
| 211|0x000000008d300000, 0x000000008d300000, 0x000000008d400000|  0%| F|  |TAMS 0x000000008d300000, 0x000000008d300000| Untracked 
| 212|0x000000008d400000, 0x000000008d400000, 0x000000008d500000|  0%| F|  |TAMS 0x000000008d400000, 0x000000008d400000| Untracked 
| 213|0x000000008d500000, 0x000000008d500000, 0x000000008d600000|  0%| F|  |TAMS 0x000000008d500000, 0x000000008d500000| Untracked 
| 214|0x000000008d600000, 0x000000008d600000, 0x000000008d700000|  0%| F|  |TAMS 0x000000008d600000, 0x000000008d600000| Untracked 
| 215|0x000000008d700000, 0x000000008d700000, 0x000000008d800000|  0%| F|  |TAMS 0x000000008d700000, 0x000000008d700000| Untracked 
| 216|0x000000008d800000, 0x000000008d800000, 0x000000008d900000|  0%| F|  |TAMS 0x000000008d800000, 0x000000008d800000| Untracked 
| 217|0x000000008d900000, 0x000000008d900000, 0x000000008da00000|  0%| F|  |TAMS 0x000000008d900000, 0x000000008d900000| Untracked 
| 218|0x000000008da00000, 0x000000008da00000, 0x000000008db00000|  0%| F|  |TAMS 0x000000008da00000, 0x000000008da00000| Untracked 
| 219|0x000000008db00000, 0x000000008db00000, 0x000000008dc00000|  0%| F|  |TAMS 0x000000008db00000, 0x000000008db00000| Untracked 
| 220|0x000000008dc00000, 0x000000008dc00000, 0x000000008dd00000|  0%| F|  |TAMS 0x000000008dc00000, 0x000000008dc00000| Untracked 
| 221|0x000000008dd00000, 0x000000008dd00000, 0x000000008de00000|  0%| F|  |TAMS 0x000000008dd00000, 0x000000008dd00000| Untracked 
| 222|0x000000008de00000, 0x000000008de00000, 0x000000008df00000|  0%| F|  |TAMS 0x000000008de00000, 0x000000008de00000| Untracked 
| 223|0x000000008df00000, 0x000000008e000000, 0x000000008e000000|100%| S|CS|TAMS 0x000000008df00000, 0x000000008df00000| Complete 
| 224|0x000000008e000000, 0x000000008e100000, 0x000000008e100000|100%| S|CS|TAMS 0x000000008e000000, 0x000000008e000000| Complete 
| 225|0x000000008e100000, 0x000000008e200000, 0x000000008e200000|100%| S|CS|TAMS 0x000000008e100000, 0x000000008e100000| Complete 
| 226|0x000000008e200000, 0x000000008e300000, 0x000000008e300000|100%| S|CS|TAMS 0x000000008e200000, 0x000000008e200000| Complete 
| 227|0x000000008e300000, 0x000000008e400000, 0x000000008e400000|100%| S|CS|TAMS 0x000000008e300000, 0x000000008e300000| Complete 
| 228|0x000000008e400000, 0x000000008e500000, 0x000000008e500000|100%| S|CS|TAMS 0x000000008e400000, 0x000000008e400000| Complete 
| 229|0x000000008e500000, 0x000000008e500000, 0x000000008e600000|  0%| F|  |TAMS 0x000000008e500000, 0x000000008e500000| Untracked 
| 230|0x000000008e600000, 0x000000008e600000, 0x000000008e700000|  0%| F|  |TAMS 0x000000008e600000, 0x000000008e600000| Untracked 
| 231|0x000000008e700000, 0x000000008e700000, 0x000000008e800000|  0%| F|  |TAMS 0x000000008e700000, 0x000000008e700000| Untracked 
| 232|0x000000008e800000, 0x000000008e900000, 0x000000008e900000|100%| S|CS|TAMS 0x000000008e800000, 0x000000008e800000| Complete 
| 233|0x000000008e900000, 0x000000008e900000, 0x000000008ea00000|  0%| F|  |TAMS 0x000000008e900000, 0x000000008e900000| Untracked 
| 234|0x000000008ea00000, 0x000000008ea00000, 0x000000008eb00000|  0%| F|  |TAMS 0x000000008ea00000, 0x000000008ea00000| Untracked 
| 235|0x000000008eb00000, 0x000000008eb00000, 0x000000008ec00000|  0%| F|  |TAMS 0x000000008eb00000, 0x000000008eb00000| Untracked 
| 236|0x000000008ec00000, 0x000000008ec00000, 0x000000008ed00000|  0%| F|  |TAMS 0x000000008ec00000, 0x000000008ec00000| Untracked 
| 237|0x000000008ed00000, 0x000000008ed00000, 0x000000008ee00000|  0%| F|  |TAMS 0x000000008ed00000, 0x000000008ed00000| Untracked 
| 238|0x000000008ee00000, 0x000000008ee00000, 0x000000008ef00000|  0%| F|  |TAMS 0x000000008ee00000, 0x000000008ee00000| Untracked 
| 239|0x000000008ef00000, 0x000000008ef00000, 0x000000008f000000|  0%| F|  |TAMS 0x000000008ef00000, 0x000000008ef00000| Untracked 
| 240|0x000000008f000000, 0x000000008f000000, 0x000000008f100000|  0%| F|  |TAMS 0x000000008f000000, 0x000000008f000000| Untracked 
| 241|0x000000008f100000, 0x000000008f100000, 0x000000008f200000|  0%| F|  |TAMS 0x000000008f100000, 0x000000008f100000| Untracked 
| 242|0x000000008f200000, 0x000000008f200000, 0x000000008f300000|  0%| F|  |TAMS 0x000000008f200000, 0x000000008f200000| Untracked 
| 243|0x000000008f300000, 0x000000008f300000, 0x000000008f400000|  0%| F|  |TAMS 0x000000008f300000, 0x000000008f300000| Untracked 
| 244|0x000000008f400000, 0x000000008f400000, 0x000000008f500000|  0%| F|  |TAMS 0x000000008f400000, 0x000000008f400000| Untracked 
| 245|0x000000008f500000, 0x000000008f500000, 0x000000008f600000|  0%| F|  |TAMS 0x000000008f500000, 0x000000008f500000| Untracked 
| 246|0x000000008f600000, 0x000000008f600000, 0x000000008f700000|  0%| F|  |TAMS 0x000000008f600000, 0x000000008f600000| Untracked 
| 247|0x000000008f700000, 0x000000008f700000, 0x000000008f800000|  0%| F|  |TAMS 0x000000008f700000, 0x000000008f700000| Untracked 
| 248|0x000000008f800000, 0x000000008f800000, 0x000000008f900000|  0%| F|  |TAMS 0x000000008f800000, 0x000000008f800000| Untracked 
| 249|0x000000008f900000, 0x000000008f900000, 0x000000008fa00000|  0%| F|  |TAMS 0x000000008f900000, 0x000000008f900000| Untracked 
| 250|0x000000008fa00000, 0x000000008fa00000, 0x000000008fb00000|  0%| F|  |TAMS 0x000000008fa00000, 0x000000008fa00000| Untracked 
| 251|0x000000008fb00000, 0x000000008fb00000, 0x000000008fc00000|  0%| F|  |TAMS 0x000000008fb00000, 0x000000008fb00000| Untracked 
| 252|0x000000008fc00000, 0x000000008fc00000, 0x000000008fd00000|  0%| F|  |TAMS 0x000000008fc00000, 0x000000008fc00000| Untracked 
| 253|0x000000008fd00000, 0x000000008fd00000, 0x000000008fe00000|  0%| F|  |TAMS 0x000000008fd00000, 0x000000008fd00000| Untracked 
| 254|0x000000008fe00000, 0x000000008fe00000, 0x000000008ff00000|  0%| F|  |TAMS 0x000000008fe00000, 0x000000008fe00000| Untracked 
| 255|0x000000008ff00000, 0x000000008ff00000, 0x0000000090000000|  0%| F|  |TAMS 0x000000008ff00000, 0x000000008ff00000| Untracked 
| 256|0x0000000090000000, 0x0000000090000000, 0x0000000090100000|  0%| F|  |TAMS 0x0000000090000000, 0x0000000090000000| Untracked 
| 257|0x0000000090100000, 0x0000000090100000, 0x0000000090200000|  0%| F|  |TAMS 0x0000000090100000, 0x0000000090100000| Untracked 
| 258|0x0000000090200000, 0x0000000090200000, 0x0000000090300000|  0%| F|  |TAMS 0x0000000090200000, 0x0000000090200000| Untracked 
| 259|0x0000000090300000, 0x0000000090300000, 0x0000000090400000|  0%| F|  |TAMS 0x0000000090300000, 0x0000000090300000| Untracked 
| 260|0x0000000090400000, 0x0000000090400000, 0x0000000090500000|  0%| F|  |TAMS 0x0000000090400000, 0x0000000090400000| Untracked 
| 261|0x0000000090500000, 0x0000000090500000, 0x0000000090600000|  0%| F|  |TAMS 0x0000000090500000, 0x0000000090500000| Untracked 
| 262|0x0000000090600000, 0x0000000090600000, 0x0000000090700000|  0%| F|  |TAMS 0x0000000090600000, 0x0000000090600000| Untracked 
| 263|0x0000000090700000, 0x0000000090700000, 0x0000000090800000|  0%| F|  |TAMS 0x0000000090700000, 0x0000000090700000| Untracked 
| 264|0x0000000090800000, 0x0000000090800000, 0x0000000090900000|  0%| F|  |TAMS 0x0000000090800000, 0x0000000090800000| Untracked 
| 265|0x0000000090900000, 0x0000000090900000, 0x0000000090a00000|  0%| F|  |TAMS 0x0000000090900000, 0x0000000090900000| Untracked 
| 266|0x0000000090a00000, 0x0000000090a00000, 0x0000000090b00000|  0%| F|  |TAMS 0x0000000090a00000, 0x0000000090a00000| Untracked 
| 267|0x0000000090b00000, 0x0000000090b00000, 0x0000000090c00000|  0%| F|  |TAMS 0x0000000090b00000, 0x0000000090b00000| Untracked 
| 268|0x0000000090c00000, 0x0000000090c00000, 0x0000000090d00000|  0%| F|  |TAMS 0x0000000090c00000, 0x0000000090c00000| Untracked 
| 269|0x0000000090d00000, 0x0000000090d00000, 0x0000000090e00000|  0%| F|  |TAMS 0x0000000090d00000, 0x0000000090d00000| Untracked 
| 270|0x0000000090e00000, 0x0000000090e00000, 0x0000000090f00000|  0%| F|  |TAMS 0x0000000090e00000, 0x0000000090e00000| Untracked 
| 271|0x0000000090f00000, 0x0000000090f00000, 0x0000000091000000|  0%| F|  |TAMS 0x0000000090f00000, 0x0000000090f00000| Untracked 
| 272|0x0000000091000000, 0x0000000091000000, 0x0000000091100000|  0%| F|  |TAMS 0x0000000091000000, 0x0000000091000000| Untracked 
| 273|0x0000000091100000, 0x0000000091100000, 0x0000000091200000|  0%| F|  |TAMS 0x0000000091100000, 0x0000000091100000| Untracked 
| 274|0x0000000091200000, 0x0000000091200000, 0x0000000091300000|  0%| F|  |TAMS 0x0000000091200000, 0x0000000091200000| Untracked 
| 275|0x0000000091300000, 0x0000000091300000, 0x0000000091400000|  0%| F|  |TAMS 0x0000000091300000, 0x0000000091300000| Untracked 
| 276|0x0000000091400000, 0x0000000091400000, 0x0000000091500000|  0%| F|  |TAMS 0x0000000091400000, 0x0000000091400000| Untracked 
| 277|0x0000000091500000, 0x0000000091500000, 0x0000000091600000|  0%| F|  |TAMS 0x0000000091500000, 0x0000000091500000| Untracked 
| 278|0x0000000091600000, 0x0000000091600000, 0x0000000091700000|  0%| F|  |TAMS 0x0000000091600000, 0x0000000091600000| Untracked 
| 279|0x0000000091700000, 0x0000000091700000, 0x0000000091800000|  0%| F|  |TAMS 0x0000000091700000, 0x0000000091700000| Untracked 
| 280|0x0000000091800000, 0x0000000091800000, 0x0000000091900000|  0%| F|  |TAMS 0x0000000091800000, 0x0000000091800000| Untracked 
| 281|0x0000000091900000, 0x0000000091900000, 0x0000000091a00000|  0%| F|  |TAMS 0x0000000091900000, 0x0000000091900000| Untracked 
| 282|0x0000000091a00000, 0x0000000091a00000, 0x0000000091b00000|  0%| F|  |TAMS 0x0000000091a00000, 0x0000000091a00000| Untracked 
| 283|0x0000000091b00000, 0x0000000091b00000, 0x0000000091c00000|  0%| F|  |TAMS 0x0000000091b00000, 0x0000000091b00000| Untracked 
| 284|0x0000000091c00000, 0x0000000091c00000, 0x0000000091d00000|  0%| F|  |TAMS 0x0000000091c00000, 0x0000000091c00000| Untracked 
| 285|0x0000000091d00000, 0x0000000091d00000, 0x0000000091e00000|  0%| F|  |TAMS 0x0000000091d00000, 0x0000000091d00000| Untracked 
| 286|0x0000000091e00000, 0x0000000091e00000, 0x0000000091f00000|  0%| F|  |TAMS 0x0000000091e00000, 0x0000000091e00000| Untracked 
| 287|0x0000000091f00000, 0x0000000091f00000, 0x0000000092000000|  0%| F|  |TAMS 0x0000000091f00000, 0x0000000091f00000| Untracked 
| 288|0x0000000092000000, 0x0000000092000000, 0x0000000092100000|  0%| F|  |TAMS 0x0000000092000000, 0x0000000092000000| Untracked 
| 289|0x0000000092100000, 0x0000000092100000, 0x0000000092200000|  0%| F|  |TAMS 0x0000000092100000, 0x0000000092100000| Untracked 

Card table byte_map: [0x00000263baa60000,0x00000263bae60000] _byte_map_base: 0x00000263ba660000

Marking Bits (Prev, Next): (CMBitMap*) 0x00000263a2008e00, (CMBitMap*) 0x00000263a2008dc0
 Prev Bits: [0x00000263bd260000, 0x00000263bf260000)
 Next Bits: [0x00000263bb260000, 0x00000263bd260000)

Polling page: 0x00000263a2080000

Metaspace:

Usage:
  Non-class:     83.08 MB used.
      Class:     13.26 MB used.
       Both:     96.33 MB used.

Virtual space:
  Non-class space:      128.00 MB reserved,      83.75 MB ( 65%) committed,  2 nodes.
      Class space:      416.00 MB reserved,      13.81 MB (  3%) committed,  1 nodes.
             Both:      544.00 MB reserved,      97.56 MB ( 18%) committed. 

Chunk freelists:
   Non-Class:  11.61 MB
       Class:  2.24 MB
        Both:  13.84 MB

MaxMetaspaceSize: 512.00 MB
CompressedClassSpaceSize: 416.00 MB
Initial GC threshold: 21.00 MB
Current GC threshold: 122.94 MB
CDS: on
MetaspaceReclaimPolicy: balanced
 - commit_granule_bytes: 65536.
 - commit_granule_words: 8192.
 - virtual_space_node_default_size: 8388608.
 - enlarge_chunks_in_place: 1.
 - new_chunks_are_fully_committed: 0.
 - uncommit_free_chunks: 1.
 - use_allocation_guard: 0.
 - handle_deallocations: 1.


Internal statistics:

num_allocs_failed_limit: 6.
num_arena_births: 1380.
num_arena_deaths: 0.
num_vsnodes_births: 3.
num_vsnodes_deaths: 0.
num_space_committed: 1561.
num_space_uncommitted: 0.
num_chunks_returned_to_freelist: 6.
num_chunks_taken_from_freelist: 5784.
num_chunk_merges: 6.
num_chunk_splits: 3748.
num_chunks_enlarged: 2402.
num_inconsistent_stats: 0.

CodeHeap 'non-profiled nmethods': size=120000Kb used=7989Kb max_used=7989Kb free=112010Kb
 bounds [0x00000263b2b10000, 0x00000263b32e0000, 0x00000263ba040000]
CodeHeap 'profiled nmethods': size=120000Kb used=23446Kb max_used=24564Kb free=96553Kb
 bounds [0x00000263ab040000, 0x00000263ac860000, 0x00000263b2570000]
CodeHeap 'non-nmethods': size=5760Kb used=2406Kb max_used=2516Kb free=3353Kb
 bounds [0x00000263b2570000, 0x00000263b2800000, 0x00000263b2b10000]
 total_blobs=12904 nmethods=11962 adapters=853
 compilation: enabled
              stopped_count=0, restarted_count=0
 full_count=0

Compilation events (20 events):
Event: 45.686 Thread 0x00000263c1854580 14147       3       org.gradle.api.internal.collections.DefaultPendingSource::removeByProvider (50 bytes)
Event: 45.687 Thread 0x00000263c1854580 nmethod 14147 0x00000263ab9b1710 code [0x00000263ab9b1940, 0x00000263ab9b2408]
Event: 45.687 Thread 0x00000263c1854580 14149       3       org.gradle.api.internal.tasks.DefaultTaskInputs$$Lambda$986/0x00000263c3801220::call (12 bytes)
Event: 45.687 Thread 0x00000263c1854580 nmethod 14149 0x00000263ac0e0b10 code [0x00000263ac0e0cc0, 0x00000263ac0e0e08]
Event: 45.687 Thread 0x00000263c1854580 14150       3       org.gradle.api.internal.tasks.DefaultTaskInputs::lambda$files$0 (34 bytes)
Event: 45.688 Thread 0x00000263c1854580 nmethod 14150 0x00000263abb7fa10 code [0x00000263abb7fc20, 0x00000263abb80468]
Event: 45.688 Thread 0x00000263c1854580 14155   !   3       org.gradle.api.internal.DefaultMutationGuard$1::execute (67 bytes)
Event: 45.688 Thread 0x00000263c1854580 nmethod 14155 0x00000263abb93010 code [0x00000263abb932a0, 0x00000263abb93fc8]
Event: 45.688 Thread 0x00000263c1854580 14156       3       org.gradle.api.internal.DefaultMutationGuard::access$200 (6 bytes)
Event: 45.688 Thread 0x00000263c1854580 nmethod 14156 0x00000263ac40c190 code [0x00000263ac40c360, 0x00000263ac40c798]
Event: 45.688 Thread 0x00000263c1854580 14157       3       org.gradle.api.internal.DefaultMutationGuard::setMutationGuardState (24 bytes)
Event: 45.688 Thread 0x00000263c1854580 nmethod 14157 0x00000263abbda790 code [0x00000263abbda960, 0x00000263abbdad58]
Event: 45.688 Thread 0x00000263c1854580 14151       3       org.gradle.api.internal.tasks.DefaultTaskInputs::unpackVarargs (12 bytes)
Event: 45.688 Thread 0x00000263c1854580 nmethod 14151 0x00000263abb7f610 code [0x00000263abb7f7a0, 0x00000263abb7f918]
Event: 45.688 Thread 0x00000263c1854580 14152       3       org.gradle.api.internal.tasks.DefaultTaskInputFilePropertyRegistration::<init> (32 bytes)
Event: 45.689 Thread 0x00000263c1854580 nmethod 14152 0x00000263abbda110 code [0x00000263abbda2e0, 0x00000263abbda6b8]
Event: 45.689 Thread 0x00000263c1854580 14153       3       org.gradle.api.internal.tasks.AbstractTaskFilePropertyRegistration::<init> (10 bytes)
Event: 45.689 Thread 0x00000263c1854580 nmethod 14153 0x00000263abfb3490 code [0x00000263abfb3620, 0x00000263abfb37d8]
Event: 45.689 Thread 0x00000263c1854580 14154       3       org.gradle.api.internal.FilePropertyContainer::add (17 bytes)
Event: 45.689 Thread 0x00000263c1854580 nmethod 14154 0x00000263abfb3010 code [0x00000263abfb31c0, 0x00000263abfb33a8]

GC Heap History (20 events):
Event: 23.566 GC heap after
{Heap after GC invocations=37 (full 0):
 garbage-first heap   total 142336K, used 79551K [0x0000000080000000, 0x0000000100000000)
  region size 1024K, 4 young (4096K), 4 survivors (4096K)
 Metaspace       used 73974K, committed 74624K, reserved 491520K
  class space    used 10084K, committed 10368K, reserved 425984K
}
Event: 23.575 GC heap before
{Heap before GC invocations=37 (full 0):
 garbage-first heap   total 142336K, used 81599K [0x0000000080000000, 0x0000000100000000)
  region size 1024K, 6 young (6144K), 4 survivors (4096K)
 Metaspace       used 73974K, committed 74624K, reserved 491520K
  class space    used 10084K, committed 10368K, reserved 425984K
}
Event: 23.581 GC heap after
{Heap after GC invocations=38 (full 0):
 garbage-first heap   total 142336K, used 78960K [0x0000000080000000, 0x0000000100000000)
  region size 1024K, 1 young (1024K), 1 survivors (1024K)
 Metaspace       used 73974K, committed 74624K, reserved 491520K
  class space    used 10084K, committed 10368K, reserved 425984K
}
Event: 38.326 GC heap before
{Heap before GC invocations=38 (full 0):
 garbage-first heap   total 142336K, used 113776K [0x0000000080000000, 0x0000000100000000)
  region size 1024K, 35 young (35840K), 1 survivors (1024K)
 Metaspace       used 74612K, committed 75328K, reserved 491520K
  class space    used 10170K, committed 10496K, reserved 425984K
}
Event: 38.333 GC heap after
{Heap after GC invocations=39 (full 0):
 garbage-first heap   total 296960K, used 82831K [0x0000000080000000, 0x0000000100000000)
  region size 1024K, 5 young (5120K), 5 survivors (5120K)
 Metaspace       used 74612K, committed 75328K, reserved 491520K
  class space    used 10170K, committed 10496K, reserved 425984K
}
Event: 40.098 GC heap before
{Heap before GC invocations=40 (full 0):
 garbage-first heap   total 286720K, used 204687K [0x0000000080000000, 0x0000000100000000)
  region size 1024K, 118 young (120832K), 5 survivors (5120K)
 Metaspace       used 82725K, committed 83584K, reserved 557056K
  class space    used 11467K, committed 11904K, reserved 425984K
}
Event: 40.114 GC heap after
{Heap after GC invocations=41 (full 0):
 garbage-first heap   total 286720K, used 101310K [0x0000000080000000, 0x0000000100000000)
  region size 1024K, 15 young (15360K), 15 survivors (15360K)
 Metaspace       used 82725K, committed 83584K, reserved 557056K
  class space    used 11467K, committed 11904K, reserved 425984K
}
Event: 40.121 GC heap before
{Heap before GC invocations=41 (full 0):
 garbage-first heap   total 286720K, used 102334K [0x0000000080000000, 0x0000000100000000)
  region size 1024K, 16 young (16384K), 15 survivors (15360K)
 Metaspace       used 82734K, committed 83584K, reserved 557056K
  class space    used 11470K, committed 11904K, reserved 425984K
}
Event: 40.135 GC heap after
{Heap after GC invocations=42 (full 0):
 garbage-first heap   total 286720K, used 101583K [0x0000000080000000, 0x0000000100000000)
  region size 1024K, 2 young (2048K), 2 survivors (2048K)
 Metaspace       used 82734K, committed 83584K, reserved 557056K
  class space    used 11470K, committed 11904K, reserved 425984K
}
Event: 42.051 GC heap before
{Heap before GC invocations=42 (full 0):
 garbage-first heap   total 286720K, used 220367K [0x0000000080000000, 0x0000000100000000)
  region size 1024K, 111 young (113664K), 2 survivors (2048K)
 Metaspace       used 85826K, committed 86912K, reserved 557056K
  class space    used 11918K, committed 12416K, reserved 425984K
}
Event: 42.067 GC heap after
{Heap after GC invocations=43 (full 0):
 garbage-first heap   total 286720K, used 132776K [0x0000000080000000, 0x0000000100000000)
  region size 1024K, 14 young (14336K), 14 survivors (14336K)
 Metaspace       used 85826K, committed 86912K, reserved 557056K
  class space    used 11918K, committed 12416K, reserved 425984K
}
Event: 43.114 GC heap before
{Heap before GC invocations=43 (full 0):
 garbage-first heap   total 286720K, used 226984K [0x0000000080000000, 0x0000000100000000)
  region size 1024K, 93 young (95232K), 14 survivors (14336K)
 Metaspace       used 89552K, committed 90688K, reserved 557056K
  class space    used 12410K, committed 12928K, reserved 425984K
}
Event: 43.153 GC heap after
{Heap after GC invocations=44 (full 0):
 garbage-first heap   total 286720K, used 161957K [0x0000000080000000, 0x0000000100000000)
  region size 1024K, 12 young (12288K), 12 survivors (12288K)
 Metaspace       used 89552K, committed 90688K, reserved 557056K
  class space    used 12410K, committed 12928K, reserved 425984K
}
Event: 43.970 GC heap before
{Heap before GC invocations=44 (full 0):
 garbage-first heap   total 286720K, used 224421K [0x0000000080000000, 0x0000000100000000)
  region size 1024K, 72 young (73728K), 12 survivors (12288K)
 Metaspace       used 91354K, committed 92480K, reserved 557056K
  class space    used 12631K, committed 13184K, reserved 425984K
}
Event: 43.984 GC heap after
{Heap after GC invocations=45 (full 0):
 garbage-first heap   total 286720K, used 175784K [0x0000000080000000, 0x0000000100000000)
  region size 1024K, 9 young (9216K), 9 survivors (9216K)
 Metaspace       used 91354K, committed 92480K, reserved 557056K
  class space    used 12631K, committed 13184K, reserved 425984K
}
Event: 44.543 GC heap before
{Heap before GC invocations=45 (full 0):
 garbage-first heap   total 286720K, used 226984K [0x0000000080000000, 0x0000000100000000)
  region size 1024K, 60 young (61440K), 9 survivors (9216K)
 Metaspace       used 95156K, committed 96320K, reserved 557056K
  class space    used 13112K, committed 13632K, reserved 425984K
}
Event: 44.557 GC heap after
{Heap after GC invocations=46 (full 0):
 garbage-first heap   total 286720K, used 182759K [0x0000000080000000, 0x0000000100000000)
  region size 1024K, 6 young (6144K), 6 survivors (6144K)
 Metaspace       used 95156K, committed 96320K, reserved 557056K
  class space    used 13112K, committed 13632K, reserved 425984K
}
Event: 45.063 GC heap before
{Heap before GC invocations=46 (full 0):
 garbage-first heap   total 286720K, used 231911K [0x0000000080000000, 0x0000000100000000)
  region size 1024K, 54 young (55296K), 6 survivors (6144K)
 Metaspace       used 97882K, committed 99072K, reserved 557056K
  class space    used 13497K, committed 14016K, reserved 425984K
}
Event: 45.100 GC heap after
{Heap after GC invocations=47 (full 0):
 garbage-first heap   total 286720K, used 187256K [0x0000000080000000, 0x0000000100000000)
  region size 1024K, 5 young (5120K), 5 survivors (5120K)
 Metaspace       used 97882K, committed 99072K, reserved 557056K
  class space    used 13497K, committed 14016K, reserved 425984K
}
Event: 45.693 GC heap before
{Heap before GC invocations=47 (full 0):
 garbage-first heap   total 286720K, used 235384K [0x0000000080000000, 0x0000000100000000)
  region size 1024K, 52 young (53248K), 5 survivors (5120K)
 Metaspace       used 98646K, committed 99904K, reserved 557056K
  class space    used 13576K, committed 14144K, reserved 425984K
}

Deoptimization events (20 events):
Event: 45.631 Thread 0x00000263e2edd8c0 Uncommon trap: trap_request=0xffffff76 fr.pc=0x00000263b32cfb48 relative=0x00000000000003a8
Event: 45.631 Thread 0x00000263e2edd8c0 Uncommon trap: reason=predicate action=maybe_recompile pc=0x00000263b32cfb48 method=java.util.regex.Pattern$SliceI.match(Ljava/util/regex/Matcher;ILjava/lang/CharSequence;)Z @ 18 c2
Event: 45.631 Thread 0x00000263e2edd8c0 DEOPT PACKING pc=0x00000263b32cfb48 sp=0x0000006a3eaf97a0
Event: 45.631 Thread 0x00000263e2edd8c0 DEOPT UNPACKING pc=0x00000263b25c23a3 sp=0x0000006a3eaf9718 mode 2
Event: 45.685 Thread 0x00000263e2edd8c0 Uncommon trap: trap_request=0xffffff45 fr.pc=0x00000263b32c0378 relative=0x0000000000001618
Event: 45.685 Thread 0x00000263e2edd8c0 Uncommon trap: reason=unstable_if action=reinterpret pc=0x00000263b32c0378 method=org.gradle.api.internal.DefaultMutationGuard.setMutationGuardState(Z)V @ 1 c2
Event: 45.685 Thread 0x00000263e2edd8c0 DEOPT PACKING pc=0x00000263b32c0378 sp=0x0000006a3eaf8e80
Event: 45.685 Thread 0x00000263e2edd8c0 DEOPT UNPACKING pc=0x00000263b25c23a3 sp=0x0000006a3eaf8db0 mode 2
Event: 45.685 Thread 0x00000263e2edd8c0 Uncommon trap: trap_request=0xffffff45 fr.pc=0x00000263b32c0378 relative=0x0000000000001618
Event: 45.685 Thread 0x00000263e2edd8c0 Uncommon trap: reason=unstable_if action=reinterpret pc=0x00000263b32c0378 method=org.gradle.api.internal.DefaultMutationGuard.setMutationGuardState(Z)V @ 1 c2
Event: 45.685 Thread 0x00000263e2edd8c0 DEOPT PACKING pc=0x00000263b32c0378 sp=0x0000006a3eaf8f30
Event: 45.685 Thread 0x00000263e2edd8c0 DEOPT UNPACKING pc=0x00000263b25c23a3 sp=0x0000006a3eaf8e60 mode 2
Event: 45.685 Thread 0x00000263e2edd8c0 Uncommon trap: trap_request=0xffffff45 fr.pc=0x00000263b3290d7c relative=0x000000000000041c
Event: 45.685 Thread 0x00000263e2edd8c0 Uncommon trap: reason=unstable_if action=reinterpret pc=0x00000263b3290d7c method=org.gradle.api.internal.collections.DefaultPendingSource.removeByProvider(Lorg/gradle/api/internal/provider/ProviderInternal;)Z @ 34 c2
Event: 45.685 Thread 0x00000263e2edd8c0 DEOPT PACKING pc=0x00000263b3290d7c sp=0x0000006a3eaf9040
Event: 45.685 Thread 0x00000263e2edd8c0 DEOPT UNPACKING pc=0x00000263b25c23a3 sp=0x0000006a3eaf8fe0 mode 2
Event: 45.686 Thread 0x00000263e2edd8c0 Uncommon trap: trap_request=0xffffff45 fr.pc=0x00000263b2b9c058 relative=0x0000000000000298
Event: 45.686 Thread 0x00000263e2edd8c0 Uncommon trap: reason=unstable_if action=reinterpret pc=0x00000263b2b9c058 method=org.gradle.api.internal.collections.DefaultPendingSource.removeByProvider(Lorg/gradle/api/internal/provider/ProviderInternal;)Z @ 34 c2
Event: 45.686 Thread 0x00000263e2edd8c0 DEOPT PACKING pc=0x00000263b2b9c058 sp=0x0000006a3eaf9020
Event: 45.686 Thread 0x00000263e2edd8c0 DEOPT UNPACKING pc=0x00000263b25c23a3 sp=0x0000006a3eaf8fe0 mode 2

Classes unloaded (0 events):
No events

Classes redefined (0 events):
No events

Internal exceptions (20 events):
Event: 44.005 Thread 0x00000263e26f4280 Exception <a 'java/lang/NoSuchMethodError'{0x000000009206cab8}: 'org.gradle.internal.buildoption.BuildOption$Value org.gradle.api.internal.StartParameterInternal.getIsolatedProjects()'> (0x000000009206cab8) 
thrown [s\open\src\hotspot\share\interpreter\linkResolver.cpp, line 759]
Event: 44.076 Thread 0x00000263e26f4280 Exception <a 'java/lang/NoSuchMethodError'{0x0000000090eef770}: 'org.gradle.internal.buildoption.BuildOption$Value org.gradle.api.internal.StartParameterInternal.getConfigurationCache()'> (0x0000000090eef770) 
thrown [s\open\src\hotspot\share\interpreter\linkResolver.cpp, line 759]
Event: 44.095 Thread 0x00000263e26f4280 Exception <a 'java/lang/NoSuchMethodError'{0x0000000090dbfd08}: static Lcom/android/build/gradle/internal/profile/ProjectData;.<clinit>()V> (0x0000000090dbfd08) 
thrown [s\open\src\hotspot\share\prims\jni.cpp, line 1107]
Event: 44.107 Thread 0x00000263e26f4280 Exception <a 'java/lang/NoSuchMethodError'{0x0000000090c2f178}: static Lcom/android/build/gradle/internal/profile/TaskMetadata;.<clinit>()V> (0x0000000090c2f178) 
thrown [s\open\src\hotspot\share\prims\jni.cpp, line 1107]
Event: 44.108 Thread 0x00000263e26f4280 Exception <a 'java/lang/NoSuchMethodError'{0x0000000090c33ec8}: 'void java.lang.invoke.DirectMethodHandle$Holder.invokeSpecial(java.lang.Object, java.lang.Object, java.lang.Object, int)'> (0x0000000090c33ec8) 
thrown [s\open\src\hotspot\share\interpreter\linkResolver.cpp, line 759]
Event: 44.141 Thread 0x00000263e26f4280 Exception <a 'sun/nio/fs/WindowsException'{0x0000000090a4bfc0}> (0x0000000090a4bfc0) 
thrown [s\open\src\hotspot\share\prims\jni.cpp, line 516]
Event: 44.171 Thread 0x00000263e26f4280 Implicit null exception at 0x00000263b2b84b04 to 0x00000263b2b852c4
Event: 44.194 Thread 0x00000263e2edd8c0 Exception <a 'java/lang/NoSuchMethodError'{0x00000000907baf60}: 'void java.lang.invoke.DirectMethodHandle$Holder.invokeVirtual(java.lang.Object, java.lang.Object)'> (0x00000000907baf60) 
thrown [s\open\src\hotspot\share\interpreter\linkResolver.cpp, line 759]
Event: 44.205 Thread 0x00000263e2edd8c0 Implicit null exception at 0x00000263b322b310 to 0x00000263b322b3e4
Event: 44.402 Thread 0x00000263e2edd8c0 Implicit null exception at 0x00000263b32566c8 to 0x00000263b3257634
Event: 44.469 Thread 0x00000263e2edd8c0 Implicit null exception at 0x00000263b325cb92 to 0x00000263b325cc76
Event: 44.492 Thread 0x00000263e2edd8c0 Exception <a 'java/lang/ClassNotFoundException'{0x000000008eb6da18}: com/android/build/gradle/tasks/MergeResources_DecoratedBeanInfo> (0x000000008eb6da18) 
thrown [s\open\src\hotspot\share\classfile\systemDictionary.cpp, line 256]
Event: 44.493 Thread 0x00000263e2edd8c0 Exception <a 'java/lang/ClassNotFoundException'{0x000000008eb7d8d0}: com/android/build/gradle/tasks/MergeResourcesBeanInfo> (0x000000008eb7d8d0) 
thrown [s\open\src\hotspot\share\classfile\systemDictionary.cpp, line 256]
Event: 44.493 Thread 0x00000263e2edd8c0 Exception <a 'java/lang/ClassNotFoundException'{0x000000008eb8db08}: com/android/build/gradle/internal/tasks/NewIncrementalTaskBeanInfo> (0x000000008eb8db08) 
thrown [s\open\src\hotspot\share\classfile\systemDictionary.cpp, line 256]
Event: 44.494 Thread 0x00000263e2edd8c0 Exception <a 'java/lang/ClassNotFoundException'{0x000000008eb9e0a8}: com/android/build/gradle/internal/tasks/NewIncrementalTaskCustomizer> (0x000000008eb9e0a8) 
thrown [s\open\src\hotspot\share\classfile\systemDictionary.cpp, line 256]
Event: 44.495 Thread 0x00000263e2edd8c0 Exception <a 'java/lang/ClassNotFoundException'{0x000000008ebbd720}: com/android/build/gradle/tasks/MergeResourcesCustomizer> (0x000000008ebbd720) 
thrown [s\open\src\hotspot\share\classfile\systemDictionary.cpp, line 256]
Event: 44.497 Thread 0x00000263e2edd8c0 Exception <a 'java/lang/ClassNotFoundException'{0x000000008ea0b408}: com/android/build/gradle/tasks/MergeResources_DecoratedCustomizer> (0x000000008ea0b408) 
thrown [s\open\src\hotspot\share\classfile\systemDictionary.cpp, line 256]
Event: 44.559 Thread 0x00000263e2edd8c0 Implicit null exception at 0x00000263b32762d6 to 0x00000263b3276ccc
Event: 44.574 Thread 0x00000263e2edd8c0 Implicit null exception at 0x00000263b327d6f2 to 0x00000263b327dec4
Event: 44.717 Thread 0x00000263e2edd8c0 Implicit null exception at 0x00000263b329004b to 0x00000263b3290c68

VM Operations (20 events):
Event: 43.984 Executing VM operation: G1CollectForAllocation done
Event: 44.105 Executing VM operation: HandshakeAllThreads
Event: 44.105 Executing VM operation: HandshakeAllThreads done
Event: 44.489 Executing VM operation: HandshakeAllThreads
Event: 44.489 Executing VM operation: HandshakeAllThreads done
Event: 44.543 Executing VM operation: G1CollectForAllocation
Event: 44.558 Executing VM operation: G1CollectForAllocation done
Event: 44.847 Executing VM operation: HandshakeAllThreads
Event: 44.847 Executing VM operation: HandshakeAllThreads done
Event: 44.894 Executing VM operation: ICBufferFull
Event: 44.895 Executing VM operation: ICBufferFull done
Event: 44.919 Executing VM operation: HandshakeAllThreads
Event: 44.919 Executing VM operation: HandshakeAllThreads done
Event: 44.967 Executing VM operation: HandshakeAllThreads
Event: 44.967 Executing VM operation: HandshakeAllThreads done
Event: 45.063 Executing VM operation: G1CollectForAllocation
Event: 45.100 Executing VM operation: G1CollectForAllocation done
Event: 45.529 Executing VM operation: ICBufferFull
Event: 45.529 Executing VM operation: ICBufferFull done
Event: 45.693 Executing VM operation: G1CollectForAllocation

Events (20 events):
Event: 44.979 Thread 0x00000263c18d9560 flushing nmethod 0x00000263ac69c690
Event: 44.979 Thread 0x00000263c18d9560 flushing nmethod 0x00000263ac69d190
Event: 44.979 Thread 0x00000263c18d9560 flushing nmethod 0x00000263ac6a1110
Event: 44.980 Thread 0x00000263c18d9560 flushing nmethod 0x00000263ac6f0c90
Event: 44.980 Thread 0x00000263c18d9560 flushing nmethod 0x00000263ac6f3a10
Event: 44.980 Thread 0x00000263c18d9560 flushing nmethod 0x00000263ac6f5f90
Event: 44.980 Thread 0x00000263c18d9560 flushing nmethod 0x00000263ac6fc710
Event: 44.980 Thread 0x00000263c18d9560 flushing nmethod 0x00000263ac6fcf10
Event: 44.980 Thread 0x00000263c18d9560 flushing nmethod 0x00000263ac6fd890
Event: 44.980 Thread 0x00000263c18d9560 flushing nmethod 0x00000263ac703410
Event: 44.980 Thread 0x00000263c18d9560 flushing nmethod 0x00000263ac745f90
Event: 44.980 Thread 0x00000263c18d9560 flushing nmethod 0x00000263ac746310
Event: 44.980 Thread 0x00000263c18d9560 flushing nmethod 0x00000263ac748410
Event: 44.980 Thread 0x00000263c18d9560 flushing nmethod 0x00000263ac769f10
Event: 44.980 Thread 0x00000263c18d9560 flushing nmethod 0x00000263ac7a0590
Event: 44.980 Thread 0x00000263c18d9560 flushing nmethod 0x00000263ac7bcf10
Event: 44.980 Thread 0x00000263c18d9560 flushing nmethod 0x00000263ac7d1010
Event: 44.980 Thread 0x00000263c18d9560 flushing nmethod 0x00000263ac7dab10
Event: 44.992 loading class java/security/cert/CertificateEncodingException
Event: 44.993 loading class java/security/cert/CertificateEncodingException done


Dynamic libraries:
0x00007ff7e8a00000 - 0x00007ff7e8a10000 	C:\Program Files\Java\jdk-17\bin\java.exe
0x00007ffb41ff0000 - 0x00007ffb421e8000 	C:\Windows\SYSTEM32\ntdll.dll
0x00007ffb41350000 - 0x00007ffb4140d000 	C:\Windows\System32\KERNEL32.DLL
0x00007ffb3fb40000 - 0x00007ffb3fe36000 	C:\Windows\System32\KERNELBASE.dll
0x00007ffb3f840000 - 0x00007ffb3f940000 	C:\Windows\System32\ucrtbase.dll
0x00007ffb3b120000 - 0x00007ffb3b139000 	C:\Program Files\Java\jdk-17\bin\jli.dll
0x00007ffb40e90000 - 0x00007ffb40f43000 	C:\Windows\System32\ADVAPI32.dll
0x00007ffb40070000 - 0x00007ffb4010e000 	C:\Windows\System32\msvcrt.dll
0x00007ffb40120000 - 0x00007ffb401bf000 	C:\Windows\System32\sechost.dll
0x00007ffb41470000 - 0x00007ffb41596000 	C:\Windows\System32\RPCRT4.dll
0x00007ffb3f6c0000 - 0x00007ffb3f6e7000 	C:\Windows\System32\bcrypt.dll
0x00007ffb40c70000 - 0x00007ffb40e0e000 	C:\Windows\System32\USER32.dll
0x00007ffb3fb10000 - 0x00007ffb3fb32000 	C:\Windows\System32\win32u.dll
0x00007ffb40040000 - 0x00007ffb4006c000 	C:\Windows\System32\GDI32.dll
0x00007ffb3f940000 - 0x00007ffb3fa5a000 	C:\Windows\System32\gdi32full.dll
0x00007ffb3ffa0000 - 0x00007ffb4003d000 	C:\Windows\System32\msvcp_win.dll
0x00007ffb3b090000 - 0x00007ffb3b0ab000 	C:\Program Files\Java\jdk-17\bin\VCRUNTIME140.dll
0x00007ffb37d70000 - 0x00007ffb3800a000 	C:\Windows\WinSxS\amd64_microsoft.windows.common-controls_6595b64144ccf1df_6.0.19041.3636_none_60b6a03d71f818d5\COMCTL32.dll
0x00007ffb39de0000 - 0x00007ffb39dea000 	C:\Windows\SYSTEM32\VERSION.dll
0x00007ffb401c0000 - 0x00007ffb401f0000 	C:\Windows\System32\IMM32.DLL
0x00007ffb3cdc0000 - 0x00007ffb3cdcc000 	C:\Program Files\Java\jdk-17\bin\vcruntime140_1.dll
0x00007ffb34800000 - 0x00007ffb3488e000 	C:\Program Files\Java\jdk-17\bin\msvcp140.dll
0x00007ffaeece0000 - 0x00007ffaef8c1000 	C:\Program Files\Java\jdk-17\bin\server\jvm.dll
0x00007ffb40e10000 - 0x00007ffb40e18000 	C:\Windows\System32\PSAPI.DLL
0x00007ffb26a00000 - 0x00007ffb26a09000 	C:\Windows\SYSTEM32\WSOCK32.dll
0x00007ffb41040000 - 0x00007ffb410ab000 	C:\Windows\System32\WS2_32.dll
0x00007ffb38120000 - 0x00007ffb38147000 	C:\Windows\SYSTEM32\WINMM.dll
0x00007ffb3d590000 - 0x00007ffb3d5a2000 	C:\Windows\SYSTEM32\kernel.appcore.dll
0x00007ffb39eb0000 - 0x00007ffb39eba000 	C:\Program Files\Java\jdk-17\bin\jimage.dll
0x00007ffb33b70000 - 0x00007ffb33d54000 	C:\Windows\SYSTEM32\DBGHELP.DLL
0x00007ffb21030000 - 0x00007ffb21064000 	C:\Windows\SYSTEM32\dbgcore.DLL
0x00007ffb3f740000 - 0x00007ffb3f7c2000 	C:\Windows\System32\bcryptPrimitives.dll
0x00007ffb355b0000 - 0x00007ffb355d5000 	C:\Program Files\Java\jdk-17\bin\java.dll
0x00007ffb1eae0000 - 0x00007ffb1ebb7000 	C:\Program Files\Java\jdk-17\bin\jsvml.dll
0x00007ffb416b0000 - 0x00007ffb41df5000 	C:\Windows\System32\SHELL32.dll
0x00007ffb3d790000 - 0x00007ffb3df2b000 	C:\Windows\SYSTEM32\windows.storage.dll
0x00007ffb40830000 - 0x00007ffb40b84000 	C:\Windows\System32\combase.dll
0x00007ffb3f0f0000 - 0x00007ffb3f11d000 	C:\Windows\SYSTEM32\Wldp.dll
0x00007ffb415a0000 - 0x00007ffb4164d000 	C:\Windows\System32\SHCORE.dll
0x00007ffb41140000 - 0x00007ffb41195000 	C:\Windows\System32\shlwapi.dll
0x00007ffb3f5f0000 - 0x00007ffb3f615000 	C:\Windows\SYSTEM32\profapi.dll
0x00007ffb38260000 - 0x00007ffb38279000 	C:\Program Files\Java\jdk-17\bin\net.dll
0x00007ffb37c60000 - 0x00007ffb37d6a000 	C:\Windows\SYSTEM32\WINHTTP.dll
0x00007ffb3ee50000 - 0x00007ffb3eeba000 	C:\Windows\system32\mswsock.dll
0x00007ffb38160000 - 0x00007ffb38176000 	C:\Program Files\Java\jdk-17\bin\nio.dll
0x00007ffb36b70000 - 0x00007ffb36b88000 	C:\Program Files\Java\jdk-17\bin\zip.dll
0x00007ffb39e70000 - 0x00007ffb39e80000 	C:\Program Files\Java\jdk-17\bin\verify.dll
0x00007ffb35250000 - 0x00007ffb35277000 	C:\Users\Admin\.gradle\native\68d5fa5c4cc2d200863cafc0d521ce42e7d3e7ee720ec0a83991735586a16f82\windows-amd64\native-platform.dll
0x00007ffb1c3f0000 - 0x00007ffb1c534000 	C:\Users\Admin\.gradle\native\e376f236ea51e6404a007f0833ffe2c6e607c4080706a723a18a27aeea778392\windows-amd64\native-platform-file-events.dll
0x00007ffb38010000 - 0x00007ffb3801a000 	C:\Program Files\Java\jdk-17\bin\management.dll
0x00007ffb37a50000 - 0x00007ffb37a5b000 	C:\Program Files\Java\jdk-17\bin\management_ext.dll
0x00007ffb3f050000 - 0x00007ffb3f068000 	C:\Windows\SYSTEM32\CRYPTSP.dll
0x00007ffb3e710000 - 0x00007ffb3e744000 	C:\Windows\system32\rsaenh.dll
0x00007ffb3f5b0000 - 0x00007ffb3f5de000 	C:\Windows\SYSTEM32\USERENV.dll
0x00007ffb3f040000 - 0x00007ffb3f04c000 	C:\Windows\SYSTEM32\CRYPTBASE.dll
0x00007ffb3eaf0000 - 0x00007ffb3eb2b000 	C:\Windows\SYSTEM32\IPHLPAPI.DLL
0x00007ffb40110000 - 0x00007ffb40118000 	C:\Windows\System32\NSI.dll
0x00007ffb39980000 - 0x00007ffb39997000 	C:\Windows\SYSTEM32\dhcpcsvc6.DLL
0x00007ffb39960000 - 0x00007ffb3997d000 	C:\Windows\SYSTEM32\dhcpcsvc.DLL
0x00007ffb3eb30000 - 0x00007ffb3ebfa000 	C:\Windows\SYSTEM32\DNSAPI.dll
0x00007ffb360f0000 - 0x00007ffb360fe000 	C:\Program Files\Java\jdk-17\bin\sunmscapi.dll
0x00007ffb3fe40000 - 0x00007ffb3ff9d000 	C:\Windows\System32\CRYPT32.dll
0x00007ffb3f160000 - 0x00007ffb3f188000 	C:\Windows\SYSTEM32\ncrypt.dll
0x00007ffb3f120000 - 0x00007ffb3f15b000 	C:\Windows\SYSTEM32\NTASN1.dll
0x00007ffb360e0000 - 0x00007ffb360e7000 	C:\Windows\system32\wshunix.dll

dbghelp: loaded successfully - version: 4.0.5 - missing functions: none
symbol engine: initialized successfully - sym options: 0x614 - pdb path: .;C:\Program Files\Java\jdk-17\bin;C:\Windows\SYSTEM32;C:\Windows\WinSxS\amd64_microsoft.windows.common-controls_6595b64144ccf1df_6.0.19041.3636_none_60b6a03d71f818d5;C:\Program Files\Java\jdk-17\bin\server;C:\Users\Admin\.gradle\native\68d5fa5c4cc2d200863cafc0d521ce42e7d3e7ee720ec0a83991735586a16f82\windows-amd64;C:\Users\Admin\.gradle\native\e376f236ea51e6404a007f0833ffe2c6e607c4080706a723a18a27aeea778392\windows-amd64

VM Arguments:
jvm_args: -XX:MaxMetaspaceSize=512m --add-opens=java.base/java.util=ALL-UNNAMED --add-opens=java.base/java.lang=ALL-UNNAMED --add-opens=java.base/java.lang.invoke=ALL-UNNAMED --add-opens=java.prefs/java.util.prefs=ALL-UNNAMED --add-opens=java.base/java.nio.charset=ALL-UNNAMED --add-opens=java.base/java.net=ALL-UNNAMED --add-opens=java.base/java.util.concurrent.atomic=ALL-UNNAMED -Xmx2048m -Dfile.encoding=windows-1252 -Duser.country=US -Duser.language=en -Duser.variant 
java_command: org.gradle.launcher.daemon.bootstrap.GradleDaemon 8.0.1
java_class_path (initial): C:\Users\Admin\.gradle\wrapper\dists\gradle-8.0.1-all\aro4hu1c3oeioove7l0i4i14o\gradle-8.0.1\lib\gradle-launcher-8.0.1.jar
Launcher Type: SUN_STANDARD

[Global flags]
     intx CICompilerCount                          = 3                                         {product} {ergonomic}
   size_t CompressedClassSpaceSize                 = 436207616                                 {product} {ergonomic}
     uint ConcGCThreads                            = 1                                         {product} {ergonomic}
     uint G1ConcRefinementThreads                  = 4                                         {product} {ergonomic}
   size_t G1HeapRegionSize                         = 1048576                                   {product} {ergonomic}
    uintx GCDrainStackTargetSize                   = 64                                        {product} {ergonomic}
   size_t InitialHeapSize                          = 119537664                                 {product} {ergonomic}
   size_t MarkStackSize                            = 4194304                                   {product} {ergonomic}
   size_t MaxHeapSize                              = 2147483648                                {product} {command line}
   size_t MaxMetaspaceSize                         = 536870912                                 {product} {command line}
   size_t MaxNewSize                               = 1287651328                                {product} {ergonomic}
   size_t MinHeapDeltaBytes                        = 1048576                                   {product} {ergonomic}
   size_t MinHeapSize                              = 8388608                                   {product} {ergonomic}
    uintx NonNMethodCodeHeapSize                   = 5832780                                {pd product} {ergonomic}
    uintx NonProfiledCodeHeapSize                  = 122912730                              {pd product} {ergonomic}
    uintx ProfiledCodeHeapSize                     = 122912730                              {pd product} {ergonomic}
    uintx ReservedCodeCacheSize                    = 251658240                              {pd product} {ergonomic}
     bool SegmentedCodeCache                       = true                                      {product} {ergonomic}
   size_t SoftMaxHeapSize                          = 2147483648                             {manageable} {ergonomic}
     bool UseCompressedClassPointers               = true                           {product lp64_product} {ergonomic}
     bool UseCompressedOops                        = true                           {product lp64_product} {ergonomic}
     bool UseG1GC                                  = true                                      {product} {ergonomic}
     bool UseLargePagesIndividualAllocation        = false                                  {pd product} {ergonomic}

Logging:
Log output configuration:
 #0: stdout all=warning uptime,level,tags
 #1: stderr all=off uptime,level,tags

Environment Variables:
JAVA_HOME=C:\Program Files\Java\jdk-17
CLASSPATH=D:\WORKSPACE\PROJECTS\canadian-mortgage-calculator\android\\gradle\wrapper\gradle-wrapper.jar
PATH=D:\WORKSPACE\PROJECTS\canadian-mortgage-calculator\node_modules\.bin;D:\WORKSPACE\PROJECTS\canadian-mortgage-calculator\node_modules\.bin;D:\WORKSPACE\PROJECTS\node_modules\.bin;D:\WORKSPACE\node_modules\.bin;D:\node_modules\.bin;C:\Users\Admin\AppData\Roaming\npm\node_modules\npm\node_modules\@npmcli\run-script\lib\node-gyp-bin;D:\WORKSPACE\PROJECTS\canadian-mortgage-calculator\node_modules\.bin;D:\WORKSPACE\PROJECTS\node_modules\.bin;D:\WORKSPACE\node_modules\.bin;D:\node_modules\.bin;C:\Users\Admin\AppData\Roaming\npm\node_modules\npm\node_modules\@npmcli\run-script\lib\node-gyp-bin;C:\Program Files (x86)\Google\Chrome\Application;C:\Program Files\Python312\Scripts\;C:\Program Files\Python312\;C:\Program Files\Common Files\Oracle\Java\javapath;C:\Windows\system32;C:\Windows;C:\Windows\System32\Wbem;C:\Windows\System32\WindowsPowerShell\v1.0\;C:\Windows\System32\OpenSSH\;D:\WORKSPACE\XAMPP\mysql\bin;D:\WORKSPACE\XAMPP\php;C:\ProgramData\ComposerSetup\bin;D:\WORKSPACE\XAMPP\php;D:\DEVELOPMENT_TOOL\ANDROID_SDK\platform-tools;D:\DEVELOPMENT_TOOL\FLUTTER SDK\flutter_windows_2.10.2-stable\flutter\bin;C:\Program Files\Java\jdk1.8.0_321\bin;C:\ProgramData\chocolatey\bin;D:\DEVELOPMENT_TOOL\NODEJS\;D:\DEVELOPMENT_TOOL\GRADLE\gradle-7.6.1\bin;C:\Program Files\Azure Data Studio\bin;C:\Program Files\Git\cmd;D:\DEVELOPMENT_TOOL\ANDROID_SDK\cmdline-tools\latest\bin;C:\Users\Admin\AppData\Roaming\npm;C:\Users\Admin\AppData\Local\Programs\Python\Launcher\;C:\Users\Admin\AppData\Local\Microsoft\WindowsApps;C:\Users\Admin\AppData\Roaming\Composer\vendor\bin;C:\Users\Admin\AppData\Local\gitkraken\bin;D:\DEVELOPMENT_TOOL\ANDROID_SDK\platform-tools;C:\Users\Admin\AppData\Roaming\npm;C:\Program Files\Azure Data Studio\bin;C:\Users\Admin\AppData\Local\Programs\Microsoft VS Code\bin
USERNAME=Admin
LANG=en_US.UTF-8
OS=Windows_NT
PROCESSOR_IDENTIFIER=Intel64 Family 6 Model 158 Stepping 10, GenuineIntel



---------------  S Y S T E M  ---------------

OS:
 Windows 10 , 64 bit Build 19041 (10.0.19041.3636)
OS uptime: 1 days 2:05 hours

CPU: total 4 (initial active 4) (4 cores per cpu, 1 threads per core) family 6 model 158 stepping 10 microcode 0xb4, cx8, cmov, fxsr, mmx, 3dnowpref, sse, sse2, sse3, ssse3, sse4.1, sse4.2, popcnt, lzcnt, tsc, tscinvbit, avx, avx2, aes, erms, clmul, bmi1, bmi2, adx, fma, vzeroupper, clflush, clflushopt

Memory: 4k page, system-wide physical 7247M (408M free)
TotalPageFile size 20249M (AvailPageFile size 279M)
current process WorkingSet (physical memory assigned to process): 386M, peak: 415M
current process commit charge ("private bytes"): 601M, peak: 973M

vm_info: Java HotSpot(TM) 64-Bit Server VM (17.0.9+11-LTS-201) for windows-amd64 JRE (17.0.9+11-LTS-201), built on Oct 10 2023 23:16:06 by "mach5one" with MS VC++ 17.1 (VS2022)

END.
